2016-05-04 23:50:51,350 [Worker-4] INFO  o.e.m.c.i.l.LifecycleMappingFactory - Using org.maven.ide.eclipse.wtp.WarLifecycleMapping lifecycle mapping for MavenProject: br.com.alexfd:MoldeProjetos1:0.0.1-SNAPSHOT @ /home/galois/Área de Trabalho/Arquitetura_Crua/Molde1_JAVAEE-master/MoldeProjetos6_Encorpado3/pom.xml.
2016-05-04 23:50:52,546 [Worker-4] INFO  o.e.m.j.i.AbstractJavaProjectConfigurator - Adding source folder /MoldeProjetos1/src/main/java
2016-05-04 23:50:52,547 [Worker-4] INFO  o.e.m.j.i.AbstractJavaProjectConfigurator - Adding resource folder /MoldeProjetos1/src/main/resources
2016-05-04 23:50:52,550 [Worker-4] INFO  o.e.m.j.i.AbstractJavaProjectConfigurator - Adding source folder /MoldeProjetos1/src/test/java
2016-05-04 23:50:59,246 [Worker-6] INFO  o.e.m.c.i.l.LifecycleMappingFactory - Using org.maven.ide.eclipse.wtp.WarLifecycleMapping lifecycle mapping for MavenProject: br.com.alexfd:MoldeProjetos1:0.0.1-SNAPSHOT @ /home/galois/Área de Trabalho/Arquitetura_Crua/Molde1_JAVAEE-master/MoldeProjetos6_Encorpado3/pom.xml.
2016-05-04 23:51:00,116 [Worker-4] INFO  o.e.m.c.i.p.ProjectConfigurationManager - Imported and configured 1 project(s) in 10 sec
2016-05-04 23:51:05,088 [Worker-7] INFO  o.e.m.c.i.l.LifecycleMappingFactory - Using org.maven.ide.eclipse.wtp.WarLifecycleMapping lifecycle mapping for MavenProject: br.com.alexfd:MoldeProjetos1:0.0.1-SNAPSHOT @ /home/galois/Área de Trabalho/Arquitetura_Crua/Molde1_JAVAEE-master/MoldeProjetos6_Encorpado3/pom.xml.
2016-05-04 23:51:06,005 [Worker-7] INFO  o.e.m.c.i.embedder.EclipseLogger - Using 'UTF-8' encoding to copy filtered resources.
2016-05-04 23:51:06,010 [Worker-7] INFO  o.e.m.c.i.embedder.EclipseLogger - Copying 3 resources
2016-05-04 23:51:06,038 [Worker-7] INFO  o.e.m.c.i.embedder.EclipseLogger - Using 'UTF-8' encoding to copy filtered resources.
2016-05-04 23:51:06,039 [Worker-7] INFO  o.e.m.c.i.embedder.EclipseLogger - skip non existing resourceDirectory /home/galois/Área de Trabalho/Arquitetura_Crua/Molde1_JAVAEE-master/MoldeProjetos6_Encorpado3/src/test/resources
2016-05-04 23:52:46,900 [Worker-3] INFO  o.e.m.c.i.embedder.EclipseLogger - Using 'UTF-8' encoding to copy filtered resources.
2016-05-04 23:52:46,902 [Worker-3] INFO  o.e.m.c.i.embedder.EclipseLogger - Copying 0 resource
2016-05-04 23:52:46,906 [Worker-3] INFO  o.e.m.c.i.embedder.EclipseLogger - Using 'UTF-8' encoding to copy filtered resources.
2016-05-04 23:52:46,906 [Worker-3] INFO  o.e.m.c.i.embedder.EclipseLogger - skip non existing resourceDirectory /home/galois/Área de Trabalho/Arquitetura_Crua/Molde1_JAVAEE-master/MoldeProjetos6_Encorpado3/src/test/resources
2016-05-04 23:52:58,414 [Worker-8] INFO  o.e.m.c.i.embedder.EclipseLogger - Using 'UTF-8' encoding to copy filtered resources.
2016-05-04 23:52:58,415 [Worker-8] INFO  o.e.m.c.i.embedder.EclipseLogger - Copying 0 resource
2016-05-04 23:52:58,417 [Worker-8] INFO  o.e.m.c.i.embedder.EclipseLogger - Using 'UTF-8' encoding to copy filtered resources.
2016-05-04 23:52:58,417 [Worker-8] INFO  o.e.m.c.i.embedder.EclipseLogger - skip non existing resourceDirectory /home/galois/Área de Trabalho/Arquitetura_Crua/Molde1_JAVAEE-master/MoldeProjetos6_Encorpado3/src/test/resources
2016-05-04 23:53:07,095 [Worker-8] INFO  o.e.m.c.i.embedder.EclipseLogger - Using 'UTF-8' encoding to copy filtered resources.
2016-05-04 23:53:07,095 [Worker-8] INFO  o.e.m.c.i.embedder.EclipseLogger - Copying 0 resource
2016-05-04 23:53:07,097 [Worker-8] INFO  o.e.m.c.i.embedder.EclipseLogger - Using 'UTF-8' encoding to copy filtered resources.
2016-05-04 23:53:07,097 [Worker-8] INFO  o.e.m.c.i.embedder.EclipseLogger - skip non existing resourceDirectory /home/galois/Área de Trabalho/Arquitetura_Crua/Molde1_JAVAEE-master/MoldeProjetos6_Encorpado3/src/test/resources
2016-05-04 23:53:29,192 [Worker-4] INFO  o.e.m.c.i.embedder.EclipseLogger - Using 'UTF-8' encoding to copy filtered resources.
2016-05-04 23:53:29,192 [Worker-4] INFO  o.e.m.c.i.embedder.EclipseLogger - Copying 0 resource
2016-05-04 23:53:29,194 [Worker-4] INFO  o.e.m.c.i.embedder.EclipseLogger - Using 'UTF-8' encoding to copy filtered resources.
2016-05-04 23:53:29,194 [Worker-4] INFO  o.e.m.c.i.embedder.EclipseLogger - skip non existing resourceDirectory /home/galois/Área de Trabalho/Arquitetura_Crua/Molde1_JAVAEE-master/MoldeProjetos6_Encorpado3/src/test/resources
2016-05-04 23:54:11,998 [Worker-5] INFO  o.e.m.c.i.embedder.EclipseLogger - Using 'UTF-8' encoding to copy filtered resources.
2016-05-04 23:54:11,999 [Worker-5] INFO  o.e.m.c.i.embedder.EclipseLogger - Copying 0 resource
2016-05-04 23:54:12,001 [Worker-5] INFO  o.e.m.c.i.embedder.EclipseLogger - Using 'UTF-8' encoding to copy filtered resources.
2016-05-04 23:54:12,001 [Worker-5] INFO  o.e.m.c.i.embedder.EclipseLogger - skip non existing resourceDirectory /home/galois/Área de Trabalho/Arquitetura_Crua/Molde1_JAVAEE-master/MoldeProjetos6_Encorpado3/src/test/resources
2016-05-04 23:54:15,930 [Worker-4] INFO  o.e.m.c.i.embedder.EclipseLogger - Using 'UTF-8' encoding to copy filtered resources.
2016-05-04 23:54:15,930 [Worker-4] INFO  o.e.m.c.i.embedder.EclipseLogger - Copying 0 resource
2016-05-04 23:54:15,934 [Worker-4] INFO  o.e.m.c.i.embedder.EclipseLogger - Using 'UTF-8' encoding to copy filtered resources.
2016-05-04 23:54:15,934 [Worker-4] INFO  o.e.m.c.i.embedder.EclipseLogger - skip non existing resourceDirectory /home/galois/Área de Trabalho/Arquitetura_Crua/Molde1_JAVAEE-master/MoldeProjetos6_Encorpado3/src/test/resources
2016-05-04 23:54:23,182 [Worker-9] INFO  o.e.m.c.i.embedder.EclipseLogger - Using 'UTF-8' encoding to copy filtered resources.
2016-05-04 23:54:23,182 [Worker-9] INFO  o.e.m.c.i.embedder.EclipseLogger - Copying 0 resource
2016-05-04 23:54:23,185 [Worker-9] INFO  o.e.m.c.i.embedder.EclipseLogger - Using 'UTF-8' encoding to copy filtered resources.
2016-05-04 23:54:23,185 [Worker-9] INFO  o.e.m.c.i.embedder.EclipseLogger - skip non existing resourceDirectory /home/galois/Área de Trabalho/Arquitetura_Crua/Molde1_JAVAEE-master/MoldeProjetos6_Encorpado3/src/test/resources
2016-05-04 23:54:33,158 [Worker-4] INFO  o.e.m.c.i.embedder.EclipseLogger - Using 'UTF-8' encoding to copy filtered resources.
2016-05-04 23:54:33,159 [Worker-4] INFO  o.e.m.c.i.embedder.EclipseLogger - Copying 0 resource
2016-05-04 23:54:33,160 [Worker-4] INFO  o.e.m.c.i.embedder.EclipseLogger - Using 'UTF-8' encoding to copy filtered resources.
2016-05-04 23:54:33,161 [Worker-4] INFO  o.e.m.c.i.embedder.EclipseLogger - skip non existing resourceDirectory /home/galois/Área de Trabalho/Arquitetura_Crua/Molde1_JAVAEE-master/MoldeProjetos6_Encorpado3/src/test/resources
2016-05-04 23:54:47,972 [Worker-0] INFO  o.e.m.c.i.embedder.EclipseLogger - Using 'UTF-8' encoding to copy filtered resources.
2016-05-04 23:54:47,972 [Worker-0] INFO  o.e.m.c.i.embedder.EclipseLogger - Copying 0 resource
2016-05-04 23:54:47,974 [Worker-0] INFO  o.e.m.c.i.embedder.EclipseLogger - Using 'UTF-8' encoding to copy filtered resources.
2016-05-04 23:54:47,975 [Worker-0] INFO  o.e.m.c.i.embedder.EclipseLogger - skip non existing resourceDirectory /home/galois/Área de Trabalho/Arquitetura_Crua/Molde1_JAVAEE-master/MoldeProjetos6_Encorpado3/src/test/resources
2016-05-04 23:55:02,053 [Worker-0] INFO  o.e.m.c.i.embedder.EclipseLogger - Using 'UTF-8' encoding to copy filtered resources.
2016-05-04 23:55:02,053 [Worker-0] INFO  o.e.m.c.i.embedder.EclipseLogger - Copying 0 resource
2016-05-04 23:55:02,055 [Worker-0] INFO  o.e.m.c.i.embedder.EclipseLogger - Using 'UTF-8' encoding to copy filtered resources.
2016-05-04 23:55:02,056 [Worker-0] INFO  o.e.m.c.i.embedder.EclipseLogger - skip non existing resourceDirectory /home/galois/Área de Trabalho/Arquitetura_Crua/Molde1_JAVAEE-master/MoldeProjetos6_Encorpado3/src/test/resources
2016-05-04 23:55:13,200 [Worker-7] INFO  o.e.m.c.i.embedder.EclipseLogger - Using 'UTF-8' encoding to copy filtered resources.
2016-05-04 23:55:13,200 [Worker-7] INFO  o.e.m.c.i.embedder.EclipseLogger - Copying 0 resource
2016-05-04 23:55:13,201 [Worker-7] INFO  o.e.m.c.i.embedder.EclipseLogger - Using 'UTF-8' encoding to copy filtered resources.
2016-05-04 23:55:13,202 [Worker-7] INFO  o.e.m.c.i.embedder.EclipseLogger - skip non existing resourceDirectory /home/galois/Área de Trabalho/Arquitetura_Crua/Molde1_JAVAEE-master/MoldeProjetos6_Encorpado3/src/test/resources
2016-05-04 23:55:42,380 [Worker-5] INFO  o.e.m.c.i.embedder.EclipseLogger - Using 'UTF-8' encoding to copy filtered resources.
2016-05-04 23:55:42,381 [Worker-5] INFO  o.e.m.c.i.embedder.EclipseLogger - Copying 0 resource
2016-05-04 23:55:42,384 [Worker-5] INFO  o.e.m.c.i.embedder.EclipseLogger - Using 'UTF-8' encoding to copy filtered resources.
2016-05-04 23:55:42,385 [Worker-5] INFO  o.e.m.c.i.embedder.EclipseLogger - skip non existing resourceDirectory /home/galois/Área de Trabalho/Arquitetura_Crua/Molde1_JAVAEE-master/MoldeProjetos6_Encorpado3/src/test/resources
2016-05-04 23:56:01,926 [Worker-2] INFO  o.e.m.c.i.embedder.EclipseLogger - Using 'UTF-8' encoding to copy filtered resources.
2016-05-04 23:56:01,927 [Worker-2] INFO  o.e.m.c.i.embedder.EclipseLogger - Copying 0 resource
2016-05-04 23:56:01,928 [Worker-2] INFO  o.e.m.c.i.embedder.EclipseLogger - Using 'UTF-8' encoding to copy filtered resources.
2016-05-04 23:56:01,929 [Worker-2] INFO  o.e.m.c.i.embedder.EclipseLogger - skip non existing resourceDirectory /home/galois/Área de Trabalho/Arquitetura_Crua/Molde1_JAVAEE-master/MoldeProjetos6_Encorpado3/src/test/resources
2016-05-04 23:56:19,874 [Worker-5] INFO  o.e.m.c.i.embedder.EclipseLogger - Using 'UTF-8' encoding to copy filtered resources.
2016-05-04 23:56:19,875 [Worker-5] INFO  o.e.m.c.i.embedder.EclipseLogger - Copying 0 resource
2016-05-04 23:56:19,876 [Worker-5] INFO  o.e.m.c.i.embedder.EclipseLogger - Using 'UTF-8' encoding to copy filtered resources.
2016-05-04 23:56:19,876 [Worker-5] INFO  o.e.m.c.i.embedder.EclipseLogger - skip non existing resourceDirectory /home/galois/Área de Trabalho/Arquitetura_Crua/Molde1_JAVAEE-master/MoldeProjetos6_Encorpado3/src/test/resources
2016-05-04 23:56:42,138 [Worker-2] INFO  o.e.m.c.i.embedder.EclipseLogger - Using 'UTF-8' encoding to copy filtered resources.
2016-05-04 23:56:42,138 [Worker-2] INFO  o.e.m.c.i.embedder.EclipseLogger - Copying 0 resource
2016-05-04 23:56:42,142 [Worker-2] INFO  o.e.m.c.i.embedder.EclipseLogger - Using 'UTF-8' encoding to copy filtered resources.
2016-05-04 23:56:42,142 [Worker-2] INFO  o.e.m.c.i.embedder.EclipseLogger - skip non existing resourceDirectory /home/galois/Área de Trabalho/Arquitetura_Crua/Molde1_JAVAEE-master/MoldeProjetos6_Encorpado3/src/test/resources
2016-05-04 23:56:52,725 [Worker-7] INFO  o.e.m.c.i.embedder.EclipseLogger - Using 'UTF-8' encoding to copy filtered resources.
2016-05-04 23:56:52,725 [Worker-7] INFO  o.e.m.c.i.embedder.EclipseLogger - Copying 0 resource
2016-05-04 23:56:52,727 [Worker-7] INFO  o.e.m.c.i.embedder.EclipseLogger - Using 'UTF-8' encoding to copy filtered resources.
2016-05-04 23:56:52,727 [Worker-7] INFO  o.e.m.c.i.embedder.EclipseLogger - skip non existing resourceDirectory /home/galois/Área de Trabalho/Arquitetura_Crua/Molde1_JAVAEE-master/MoldeProjetos6_Encorpado3/src/test/resources
2016-05-04 23:57:13,801 [Worker-9] INFO  o.e.m.c.i.embedder.EclipseLogger - Using 'UTF-8' encoding to copy filtered resources.
2016-05-04 23:57:13,801 [Worker-9] INFO  o.e.m.c.i.embedder.EclipseLogger - Copying 0 resource
2016-05-04 23:57:13,803 [Worker-9] INFO  o.e.m.c.i.embedder.EclipseLogger - Using 'UTF-8' encoding to copy filtered resources.
2016-05-04 23:57:13,804 [Worker-9] INFO  o.e.m.c.i.embedder.EclipseLogger - skip non existing resourceDirectory /home/galois/Área de Trabalho/Arquitetura_Crua/Molde1_JAVAEE-master/MoldeProjetos6_Encorpado3/src/test/resources
2016-05-04 23:57:19,669 [Worker-9] INFO  o.e.m.c.i.embedder.EclipseLogger - Using 'UTF-8' encoding to copy filtered resources.
2016-05-04 23:57:19,670 [Worker-9] INFO  o.e.m.c.i.embedder.EclipseLogger - Copying 0 resource
2016-05-04 23:57:19,671 [Worker-9] INFO  o.e.m.c.i.embedder.EclipseLogger - Using 'UTF-8' encoding to copy filtered resources.
2016-05-04 23:57:19,672 [Worker-9] INFO  o.e.m.c.i.embedder.EclipseLogger - skip non existing resourceDirectory /home/galois/Área de Trabalho/Arquitetura_Crua/Molde1_JAVAEE-master/MoldeProjetos6_Encorpado3/src/test/resources
2016-05-04 23:57:32,426 [Worker-2] INFO  o.e.m.c.i.embedder.EclipseLogger - Using 'UTF-8' encoding to copy filtered resources.
2016-05-04 23:57:32,426 [Worker-2] INFO  o.e.m.c.i.embedder.EclipseLogger - Copying 0 resource
2016-05-04 23:57:32,427 [Worker-2] INFO  o.e.m.c.i.embedder.EclipseLogger - Using 'UTF-8' encoding to copy filtered resources.
2016-05-04 23:57:32,427 [Worker-2] INFO  o.e.m.c.i.embedder.EclipseLogger - skip non existing resourceDirectory /home/galois/Área de Trabalho/Arquitetura_Crua/Molde1_JAVAEE-master/MoldeProjetos6_Encorpado3/src/test/resources
2016-05-05 00:00:30,623 [Worker-0] INFO  o.e.m.c.i.embedder.EclipseLogger - Using 'UTF-8' encoding to copy filtered resources.
2016-05-05 00:00:30,623 [Worker-0] INFO  o.e.m.c.i.embedder.EclipseLogger - Copying 0 resource
2016-05-05 00:00:30,624 [Worker-0] INFO  o.e.m.c.i.embedder.EclipseLogger - Using 'UTF-8' encoding to copy filtered resources.
2016-05-05 00:00:30,625 [Worker-0] INFO  o.e.m.c.i.embedder.EclipseLogger - skip non existing resourceDirectory /home/galois/Área de Trabalho/Arquitetura_Crua/Molde1_JAVAEE-master/MoldeProjetos6_Encorpado3/src/test/resources
2016-05-05 00:00:44,833 [Worker-10] INFO  o.e.m.c.i.embedder.EclipseLogger - Using 'UTF-8' encoding to copy filtered resources.
2016-05-05 00:00:44,833 [Worker-10] INFO  o.e.m.c.i.embedder.EclipseLogger - Copying 0 resource
2016-05-05 00:00:44,836 [Worker-10] INFO  o.e.m.c.i.embedder.EclipseLogger - Using 'UTF-8' encoding to copy filtered resources.
2016-05-05 00:00:44,836 [Worker-10] INFO  o.e.m.c.i.embedder.EclipseLogger - skip non existing resourceDirectory /home/galois/Área de Trabalho/Arquitetura_Crua/Molde1_JAVAEE-master/MoldeProjetos6_Encorpado3/src/test/resources
2016-05-05 00:00:48,036 [Worker-10] INFO  o.e.m.c.i.embedder.EclipseLogger - Using 'UTF-8' encoding to copy filtered resources.
2016-05-05 00:00:48,036 [Worker-10] INFO  o.e.m.c.i.embedder.EclipseLogger - Copying 0 resource
2016-05-05 00:00:48,039 [Worker-10] INFO  o.e.m.c.i.embedder.EclipseLogger - Using 'UTF-8' encoding to copy filtered resources.
2016-05-05 00:00:48,039 [Worker-10] INFO  o.e.m.c.i.embedder.EclipseLogger - skip non existing resourceDirectory /home/galois/Área de Trabalho/Arquitetura_Crua/Molde1_JAVAEE-master/MoldeProjetos6_Encorpado3/src/test/resources
2016-05-05 00:01:27,225 [Worker-10] INFO  o.e.m.c.i.embedder.EclipseLogger - Using 'UTF-8' encoding to copy filtered resources.
2016-05-05 00:01:27,226 [Worker-10] INFO  o.e.m.c.i.embedder.EclipseLogger - Copying 0 resource
2016-05-05 00:01:27,228 [Worker-10] INFO  o.e.m.c.i.embedder.EclipseLogger - Using 'UTF-8' encoding to copy filtered resources.
2016-05-05 00:01:27,228 [Worker-10] INFO  o.e.m.c.i.embedder.EclipseLogger - skip non existing resourceDirectory /home/galois/Área de Trabalho/Arquitetura_Crua/Molde1_JAVAEE-master/MoldeProjetos6_Encorpado3/src/test/resources
2016-05-05 00:03:15,070 [Worker-7] INFO  o.e.m.c.i.embedder.EclipseLogger - Using 'UTF-8' encoding to copy filtered resources.
2016-05-05 00:03:15,071 [Worker-7] INFO  o.e.m.c.i.embedder.EclipseLogger - Copying 0 resource
2016-05-05 00:03:15,072 [Worker-7] INFO  o.e.m.c.i.embedder.EclipseLogger - Using 'UTF-8' encoding to copy filtered resources.
2016-05-05 00:03:15,073 [Worker-7] INFO  o.e.m.c.i.embedder.EclipseLogger - skip non existing resourceDirectory /home/galois/Área de Trabalho/Arquitetura_Crua/Molde1_JAVAEE-master/MoldeProjetos6_Encorpado3/src/test/resources
2016-05-05 00:03:38,492 [Worker-7] INFO  o.e.m.c.i.embedder.EclipseLogger - Using 'UTF-8' encoding to copy filtered resources.
2016-05-05 00:03:38,493 [Worker-7] INFO  o.e.m.c.i.embedder.EclipseLogger - Copying 0 resource
2016-05-05 00:03:38,495 [Worker-7] INFO  o.e.m.c.i.embedder.EclipseLogger - Using 'UTF-8' encoding to copy filtered resources.
2016-05-05 00:03:38,495 [Worker-7] INFO  o.e.m.c.i.embedder.EclipseLogger - skip non existing resourceDirectory /home/galois/Área de Trabalho/Arquitetura_Crua/Molde1_JAVAEE-master/MoldeProjetos6_Encorpado3/src/test/resources
2016-05-05 00:04:14,214 [Worker-0] INFO  o.e.m.c.i.embedder.EclipseLogger - Using 'UTF-8' encoding to copy filtered resources.
2016-05-05 00:04:14,215 [Worker-0] INFO  o.e.m.c.i.embedder.EclipseLogger - Copying 0 resource
2016-05-05 00:04:14,217 [Worker-0] INFO  o.e.m.c.i.embedder.EclipseLogger - Using 'UTF-8' encoding to copy filtered resources.
2016-05-05 00:04:14,217 [Worker-0] INFO  o.e.m.c.i.embedder.EclipseLogger - skip non existing resourceDirectory /home/galois/Área de Trabalho/Arquitetura_Crua/Molde1_JAVAEE-master/MoldeProjetos6_Encorpado3/src/test/resources
2016-05-05 00:04:24,738 [Worker-10] INFO  o.e.m.c.i.embedder.EclipseLogger - Using 'UTF-8' encoding to copy filtered resources.
2016-05-05 00:04:24,739 [Worker-10] INFO  o.e.m.c.i.embedder.EclipseLogger - Copying 0 resource
2016-05-05 00:04:24,741 [Worker-10] INFO  o.e.m.c.i.embedder.EclipseLogger - Using 'UTF-8' encoding to copy filtered resources.
2016-05-05 00:04:24,741 [Worker-10] INFO  o.e.m.c.i.embedder.EclipseLogger - skip non existing resourceDirectory /home/galois/Área de Trabalho/Arquitetura_Crua/Molde1_JAVAEE-master/MoldeProjetos6_Encorpado3/src/test/resources
2016-05-05 00:04:29,680 [Worker-10] INFO  o.e.m.c.i.embedder.EclipseLogger - Using 'UTF-8' encoding to copy filtered resources.
2016-05-05 00:04:29,683 [Worker-10] INFO  o.e.m.c.i.embedder.EclipseLogger - Copying 0 resource
2016-05-05 00:04:29,685 [Worker-10] INFO  o.e.m.c.i.embedder.EclipseLogger - Using 'UTF-8' encoding to copy filtered resources.
2016-05-05 00:04:29,685 [Worker-10] INFO  o.e.m.c.i.embedder.EclipseLogger - skip non existing resourceDirectory /home/galois/Área de Trabalho/Arquitetura_Crua/Molde1_JAVAEE-master/MoldeProjetos6_Encorpado3/src/test/resources
2016-05-05 00:06:06,261 [Worker-2] INFO  o.e.m.c.i.embedder.EclipseLogger - Using 'UTF-8' encoding to copy filtered resources.
2016-05-05 00:06:06,261 [Worker-2] INFO  o.e.m.c.i.embedder.EclipseLogger - Copying 0 resource
2016-05-05 00:06:06,263 [Worker-2] INFO  o.e.m.c.i.embedder.EclipseLogger - Using 'UTF-8' encoding to copy filtered resources.
2016-05-05 00:06:06,263 [Worker-2] INFO  o.e.m.c.i.embedder.EclipseLogger - skip non existing resourceDirectory /home/galois/Área de Trabalho/Arquitetura_Crua/Molde1_JAVAEE-master/MoldeProjetos6_Encorpado3/src/test/resources
2016-05-05 00:06:27,303 [Worker-11] INFO  o.e.m.c.i.embedder.EclipseLogger - Using 'UTF-8' encoding to copy filtered resources.
2016-05-05 00:06:27,303 [Worker-11] INFO  o.e.m.c.i.embedder.EclipseLogger - Copying 0 resource
2016-05-05 00:06:27,305 [Worker-11] INFO  o.e.m.c.i.embedder.EclipseLogger - Using 'UTF-8' encoding to copy filtered resources.
2016-05-05 00:06:27,306 [Worker-11] INFO  o.e.m.c.i.embedder.EclipseLogger - skip non existing resourceDirectory /home/galois/Área de Trabalho/Arquitetura_Crua/Molde1_JAVAEE-master/MoldeProjetos6_Encorpado3/src/test/resources
2016-05-05 00:08:47,917 [Worker-13] INFO  o.e.m.c.i.embedder.EclipseLogger - Using 'UTF-8' encoding to copy filtered resources.
2016-05-05 00:08:47,918 [Worker-13] INFO  o.e.m.c.i.embedder.EclipseLogger - Copying 0 resource
2016-05-05 00:08:47,920 [Worker-13] INFO  o.e.m.c.i.embedder.EclipseLogger - Using 'UTF-8' encoding to copy filtered resources.
2016-05-05 00:08:47,920 [Worker-13] INFO  o.e.m.c.i.embedder.EclipseLogger - skip non existing resourceDirectory /home/galois/Área de Trabalho/Arquitetura_Crua/Molde1_JAVAEE-master/MoldeProjetos6_Encorpado3/src/test/resources
2016-05-05 00:09:43,854 [Worker-13] INFO  o.e.m.c.i.embedder.EclipseLogger - Using 'UTF-8' encoding to copy filtered resources.
2016-05-05 00:09:43,854 [Worker-13] INFO  o.e.m.c.i.embedder.EclipseLogger - Copying 0 resource
2016-05-05 00:09:43,858 [Worker-13] INFO  o.e.m.c.i.embedder.EclipseLogger - Using 'UTF-8' encoding to copy filtered resources.
2016-05-05 00:09:43,858 [Worker-13] INFO  o.e.m.c.i.embedder.EclipseLogger - skip non existing resourceDirectory /home/galois/Área de Trabalho/Arquitetura_Crua/Molde1_JAVAEE-master/MoldeProjetos6_Encorpado3/src/test/resources
2016-05-05 00:10:21,531 [Worker-2] INFO  o.e.m.c.i.embedder.EclipseLogger - Using 'UTF-8' encoding to copy filtered resources.
2016-05-05 00:10:21,531 [Worker-2] INFO  o.e.m.c.i.embedder.EclipseLogger - Copying 0 resource
2016-05-05 00:10:21,533 [Worker-2] INFO  o.e.m.c.i.embedder.EclipseLogger - Using 'UTF-8' encoding to copy filtered resources.
2016-05-05 00:10:21,533 [Worker-2] INFO  o.e.m.c.i.embedder.EclipseLogger - skip non existing resourceDirectory /home/galois/Área de Trabalho/Arquitetura_Crua/Molde1_JAVAEE-master/MoldeProjetos6_Encorpado3/src/test/resources
2016-05-05 00:10:33,327 [Worker-13] INFO  o.e.m.c.i.embedder.EclipseLogger - Using 'UTF-8' encoding to copy filtered resources.
2016-05-05 00:10:33,328 [Worker-13] INFO  o.e.m.c.i.embedder.EclipseLogger - Copying 0 resource
2016-05-05 00:10:33,329 [Worker-13] INFO  o.e.m.c.i.embedder.EclipseLogger - Using 'UTF-8' encoding to copy filtered resources.
2016-05-05 00:10:33,329 [Worker-13] INFO  o.e.m.c.i.embedder.EclipseLogger - skip non existing resourceDirectory /home/galois/Área de Trabalho/Arquitetura_Crua/Molde1_JAVAEE-master/MoldeProjetos6_Encorpado3/src/test/resources
2016-05-05 00:10:42,038 [Worker-14] INFO  o.e.m.c.i.embedder.EclipseLogger - Using 'UTF-8' encoding to copy filtered resources.
2016-05-05 00:10:42,038 [Worker-14] INFO  o.e.m.c.i.embedder.EclipseLogger - Copying 0 resource
2016-05-05 00:10:42,040 [Worker-14] INFO  o.e.m.c.i.embedder.EclipseLogger - Using 'UTF-8' encoding to copy filtered resources.
2016-05-05 00:10:42,040 [Worker-14] INFO  o.e.m.c.i.embedder.EclipseLogger - skip non existing resourceDirectory /home/galois/Área de Trabalho/Arquitetura_Crua/Molde1_JAVAEE-master/MoldeProjetos6_Encorpado3/src/test/resources
2016-05-05 00:10:44,139 [Worker-14] INFO  o.e.m.c.i.embedder.EclipseLogger - Using 'UTF-8' encoding to copy filtered resources.
2016-05-05 00:10:44,139 [Worker-14] INFO  o.e.m.c.i.embedder.EclipseLogger - Copying 0 resource
2016-05-05 00:10:44,141 [Worker-14] INFO  o.e.m.c.i.embedder.EclipseLogger - Using 'UTF-8' encoding to copy filtered resources.
2016-05-05 00:10:44,142 [Worker-14] INFO  o.e.m.c.i.embedder.EclipseLogger - skip non existing resourceDirectory /home/galois/Área de Trabalho/Arquitetura_Crua/Molde1_JAVAEE-master/MoldeProjetos6_Encorpado3/src/test/resources
2016-05-05 00:11:11,911 [Worker-5] INFO  o.e.m.c.i.embedder.EclipseLogger - Using 'UTF-8' encoding to copy filtered resources.
2016-05-05 00:11:11,911 [Worker-5] INFO  o.e.m.c.i.embedder.EclipseLogger - Copying 0 resource
2016-05-05 00:11:11,913 [Worker-5] INFO  o.e.m.c.i.embedder.EclipseLogger - Using 'UTF-8' encoding to copy filtered resources.
2016-05-05 00:11:11,913 [Worker-5] INFO  o.e.m.c.i.embedder.EclipseLogger - skip non existing resourceDirectory /home/galois/Área de Trabalho/Arquitetura_Crua/Molde1_JAVAEE-master/MoldeProjetos6_Encorpado3/src/test/resources
2016-05-05 00:11:19,290 [Worker-15] INFO  o.e.m.c.i.embedder.EclipseLogger - Using 'UTF-8' encoding to copy filtered resources.
2016-05-05 00:11:19,291 [Worker-15] INFO  o.e.m.c.i.embedder.EclipseLogger - Copying 0 resource
2016-05-05 00:11:19,292 [Worker-15] INFO  o.e.m.c.i.embedder.EclipseLogger - Using 'UTF-8' encoding to copy filtered resources.
2016-05-05 00:11:19,293 [Worker-15] INFO  o.e.m.c.i.embedder.EclipseLogger - skip non existing resourceDirectory /home/galois/Área de Trabalho/Arquitetura_Crua/Molde1_JAVAEE-master/MoldeProjetos6_Encorpado3/src/test/resources
2016-05-05 00:12:36,225 [Worker-5] INFO  o.e.m.c.i.embedder.EclipseLogger - Using 'UTF-8' encoding to copy filtered resources.
2016-05-05 00:12:36,225 [Worker-5] INFO  o.e.m.c.i.embedder.EclipseLogger - Copying 0 resource
2016-05-05 00:12:36,226 [Worker-5] INFO  o.e.m.c.i.embedder.EclipseLogger - Using 'UTF-8' encoding to copy filtered resources.
2016-05-05 00:12:36,227 [Worker-5] INFO  o.e.m.c.i.embedder.EclipseLogger - skip non existing resourceDirectory /home/galois/Área de Trabalho/Arquitetura_Crua/Molde1_JAVAEE-master/MoldeProjetos6_Encorpado3/src/test/resources
2016-05-05 10:39:40,378 [Worker-1] INFO  o.e.m.c.i.embedder.EclipseLogger - Using 'UTF-8' encoding to copy filtered resources.
2016-05-05 10:39:40,387 [Worker-1] INFO  o.e.m.c.i.embedder.EclipseLogger - Copying 3 resources
2016-05-05 10:39:40,395 [Worker-1] INFO  o.e.m.c.i.embedder.EclipseLogger - Using 'UTF-8' encoding to copy filtered resources.
2016-05-05 10:39:40,395 [Worker-1] INFO  o.e.m.c.i.embedder.EclipseLogger - skip non existing resourceDirectory /home/galois/Área de Trabalho/Arquitetura_Crua/Molde1_JAVAEE-master/MoldeProjetos6_Encorpado3/src/test/resources
2016-05-05 11:49:41,995 [Worker-15] INFO  o.e.m.c.i.embedder.EclipseLogger - Using 'UTF-8' encoding to copy filtered resources.
2016-05-05 11:49:41,998 [Worker-15] INFO  o.e.m.c.i.embedder.EclipseLogger - Copying 0 resource
2016-05-05 11:49:42,001 [Worker-15] INFO  o.e.m.c.i.embedder.EclipseLogger - Using 'UTF-8' encoding to copy filtered resources.
2016-05-05 11:49:42,001 [Worker-15] INFO  o.e.m.c.i.embedder.EclipseLogger - skip non existing resourceDirectory /home/galois/Área de Trabalho/Arquitetura_Crua/Molde1_JAVAEE-master/MoldeProjetos6_Encorpado3/src/test/resources
2016-05-05 11:50:16,803 [Worker-11] INFO  o.e.m.c.i.embedder.EclipseLogger - Using 'UTF-8' encoding to copy filtered resources.
2016-05-05 11:50:16,804 [Worker-11] INFO  o.e.m.c.i.embedder.EclipseLogger - Copying 0 resource
2016-05-05 11:50:16,807 [Worker-11] INFO  o.e.m.c.i.embedder.EclipseLogger - Using 'UTF-8' encoding to copy filtered resources.
2016-05-05 11:50:16,807 [Worker-11] INFO  o.e.m.c.i.embedder.EclipseLogger - skip non existing resourceDirectory /home/galois/Área de Trabalho/Arquitetura_Crua/Molde1_JAVAEE-master/MoldeProjetos6_Encorpado3/src/test/resources
2016-05-05 11:50:29,417 [Worker-15] INFO  o.e.m.c.i.embedder.EclipseLogger - Using 'UTF-8' encoding to copy filtered resources.
2016-05-05 11:50:29,418 [Worker-15] INFO  o.e.m.c.i.embedder.EclipseLogger - Copying 0 resource
2016-05-05 11:50:29,421 [Worker-15] INFO  o.e.m.c.i.embedder.EclipseLogger - Using 'UTF-8' encoding to copy filtered resources.
2016-05-05 11:50:29,421 [Worker-15] INFO  o.e.m.c.i.embedder.EclipseLogger - skip non existing resourceDirectory /home/galois/Área de Trabalho/Arquitetura_Crua/Molde1_JAVAEE-master/MoldeProjetos6_Encorpado3/src/test/resources
2016-05-05 11:50:42,940 [Worker-12] INFO  o.e.m.c.i.embedder.EclipseLogger - Using 'UTF-8' encoding to copy filtered resources.
2016-05-05 11:50:42,940 [Worker-12] INFO  o.e.m.c.i.embedder.EclipseLogger - Copying 0 resource
2016-05-05 11:50:42,942 [Worker-12] INFO  o.e.m.c.i.embedder.EclipseLogger - Using 'UTF-8' encoding to copy filtered resources.
2016-05-05 11:50:42,942 [Worker-12] INFO  o.e.m.c.i.embedder.EclipseLogger - skip non existing resourceDirectory /home/galois/Área de Trabalho/Arquitetura_Crua/Molde1_JAVAEE-master/MoldeProjetos6_Encorpado3/src/test/resources
2016-05-05 11:51:04,296 [Worker-11] INFO  o.e.m.c.i.embedder.EclipseLogger - Using 'UTF-8' encoding to copy filtered resources.
2016-05-05 11:51:04,296 [Worker-11] INFO  o.e.m.c.i.embedder.EclipseLogger - Copying 0 resource
2016-05-05 11:51:04,298 [Worker-11] INFO  o.e.m.c.i.embedder.EclipseLogger - Using 'UTF-8' encoding to copy filtered resources.
2016-05-05 11:51:04,299 [Worker-11] INFO  o.e.m.c.i.embedder.EclipseLogger - skip non existing resourceDirectory /home/galois/Área de Trabalho/Arquitetura_Crua/Molde1_JAVAEE-master/MoldeProjetos6_Encorpado3/src/test/resources
2016-05-05 11:52:16,681 [Worker-13] INFO  o.e.m.c.i.embedder.EclipseLogger - Using 'UTF-8' encoding to copy filtered resources.
2016-05-05 11:52:16,682 [Worker-13] INFO  o.e.m.c.i.embedder.EclipseLogger - Copying 0 resource
2016-05-05 11:52:16,684 [Worker-13] INFO  o.e.m.c.i.embedder.EclipseLogger - Using 'UTF-8' encoding to copy filtered resources.
2016-05-05 11:52:16,684 [Worker-13] INFO  o.e.m.c.i.embedder.EclipseLogger - skip non existing resourceDirectory /home/galois/Área de Trabalho/Arquitetura_Crua/Molde1_JAVAEE-master/MoldeProjetos6_Encorpado3/src/test/resources
2016-05-05 11:52:56,412 [Worker-13] INFO  o.e.m.c.i.embedder.EclipseLogger - Using 'UTF-8' encoding to copy filtered resources.
2016-05-05 11:52:56,412 [Worker-13] INFO  o.e.m.c.i.embedder.EclipseLogger - Copying 0 resource
2016-05-05 11:52:56,414 [Worker-13] INFO  o.e.m.c.i.embedder.EclipseLogger - Using 'UTF-8' encoding to copy filtered resources.
2016-05-05 11:52:56,415 [Worker-13] INFO  o.e.m.c.i.embedder.EclipseLogger - skip non existing resourceDirectory /home/galois/Área de Trabalho/Arquitetura_Crua/Molde1_JAVAEE-master/MoldeProjetos6_Encorpado3/src/test/resources
2016-05-05 11:53:11,032 [Worker-17] INFO  o.e.m.c.i.embedder.EclipseLogger - Using 'UTF-8' encoding to copy filtered resources.
2016-05-05 11:53:11,032 [Worker-17] INFO  o.e.m.c.i.embedder.EclipseLogger - Copying 0 resource
2016-05-05 11:53:11,036 [Worker-17] INFO  o.e.m.c.i.embedder.EclipseLogger - Using 'UTF-8' encoding to copy filtered resources.
2016-05-05 11:53:11,036 [Worker-17] INFO  o.e.m.c.i.embedder.EclipseLogger - skip non existing resourceDirectory /home/galois/Área de Trabalho/Arquitetura_Crua/Molde1_JAVAEE-master/MoldeProjetos6_Encorpado3/src/test/resources
2016-05-05 11:53:18,627 [Worker-18] INFO  o.e.m.c.i.embedder.EclipseLogger - Using 'UTF-8' encoding to copy filtered resources.
2016-05-05 11:53:18,627 [Worker-18] INFO  o.e.m.c.i.embedder.EclipseLogger - Copying 0 resource
2016-05-05 11:53:18,628 [Worker-18] INFO  o.e.m.c.i.embedder.EclipseLogger - Using 'UTF-8' encoding to copy filtered resources.
2016-05-05 11:53:18,629 [Worker-18] INFO  o.e.m.c.i.embedder.EclipseLogger - skip non existing resourceDirectory /home/galois/Área de Trabalho/Arquitetura_Crua/Molde1_JAVAEE-master/MoldeProjetos6_Encorpado3/src/test/resources
2016-05-05 11:53:37,076 [Worker-15] INFO  o.e.m.c.i.embedder.EclipseLogger - Using 'UTF-8' encoding to copy filtered resources.
2016-05-05 11:53:37,076 [Worker-15] INFO  o.e.m.c.i.embedder.EclipseLogger - Copying 0 resource
2016-05-05 11:53:37,078 [Worker-15] INFO  o.e.m.c.i.embedder.EclipseLogger - Using 'UTF-8' encoding to copy filtered resources.
2016-05-05 11:53:37,078 [Worker-15] INFO  o.e.m.c.i.embedder.EclipseLogger - skip non existing resourceDirectory /home/galois/Área de Trabalho/Arquitetura_Crua/Molde1_JAVAEE-master/MoldeProjetos6_Encorpado3/src/test/resources
2016-05-05 11:53:40,943 [Worker-18] INFO  o.e.m.c.i.embedder.EclipseLogger - Using 'UTF-8' encoding to copy filtered resources.
2016-05-05 11:53:40,943 [Worker-18] INFO  o.e.m.c.i.embedder.EclipseLogger - Copying 0 resource
2016-05-05 11:53:40,945 [Worker-18] INFO  o.e.m.c.i.embedder.EclipseLogger - Using 'UTF-8' encoding to copy filtered resources.
2016-05-05 11:53:40,945 [Worker-18] INFO  o.e.m.c.i.embedder.EclipseLogger - skip non existing resourceDirectory /home/galois/Área de Trabalho/Arquitetura_Crua/Molde1_JAVAEE-master/MoldeProjetos6_Encorpado3/src/test/resources
2016-05-05 11:53:57,801 [Worker-13] INFO  o.e.m.c.i.embedder.EclipseLogger - Using 'UTF-8' encoding to copy filtered resources.
2016-05-05 11:53:57,801 [Worker-13] INFO  o.e.m.c.i.embedder.EclipseLogger - Copying 0 resource
2016-05-05 11:53:57,803 [Worker-13] INFO  o.e.m.c.i.embedder.EclipseLogger - Using 'UTF-8' encoding to copy filtered resources.
2016-05-05 11:53:57,803 [Worker-13] INFO  o.e.m.c.i.embedder.EclipseLogger - skip non existing resourceDirectory /home/galois/Área de Trabalho/Arquitetura_Crua/Molde1_JAVAEE-master/MoldeProjetos6_Encorpado3/src/test/resources
2016-05-05 11:54:16,199 [Worker-15] INFO  o.e.m.c.i.embedder.EclipseLogger - Using 'UTF-8' encoding to copy filtered resources.
2016-05-05 11:54:16,200 [Worker-15] INFO  o.e.m.c.i.embedder.EclipseLogger - Copying 0 resource
2016-05-05 11:54:16,202 [Worker-15] INFO  o.e.m.c.i.embedder.EclipseLogger - Using 'UTF-8' encoding to copy filtered resources.
2016-05-05 11:54:16,202 [Worker-15] INFO  o.e.m.c.i.embedder.EclipseLogger - skip non existing resourceDirectory /home/galois/Área de Trabalho/Arquitetura_Crua/Molde1_JAVAEE-master/MoldeProjetos6_Encorpado3/src/test/resources
2016-05-05 11:54:55,799 [Worker-17] INFO  o.e.m.c.i.embedder.EclipseLogger - Using 'UTF-8' encoding to copy filtered resources.
2016-05-05 11:54:55,799 [Worker-17] INFO  o.e.m.c.i.embedder.EclipseLogger - Copying 0 resource
2016-05-05 11:54:55,801 [Worker-17] INFO  o.e.m.c.i.embedder.EclipseLogger - Using 'UTF-8' encoding to copy filtered resources.
2016-05-05 11:54:55,801 [Worker-17] INFO  o.e.m.c.i.embedder.EclipseLogger - skip non existing resourceDirectory /home/galois/Área de Trabalho/Arquitetura_Crua/Molde1_JAVAEE-master/MoldeProjetos6_Encorpado3/src/test/resources
2016-05-05 11:55:00,613 [Worker-18] INFO  o.e.m.c.i.embedder.EclipseLogger - Using 'UTF-8' encoding to copy filtered resources.
2016-05-05 11:55:00,613 [Worker-18] INFO  o.e.m.c.i.embedder.EclipseLogger - Copying 0 resource
2016-05-05 11:55:00,616 [Worker-18] INFO  o.e.m.c.i.embedder.EclipseLogger - Using 'UTF-8' encoding to copy filtered resources.
2016-05-05 11:55:00,616 [Worker-18] INFO  o.e.m.c.i.embedder.EclipseLogger - skip non existing resourceDirectory /home/galois/Área de Trabalho/Arquitetura_Crua/Molde1_JAVAEE-master/MoldeProjetos6_Encorpado3/src/test/resources
2016-05-05 11:55:13,870 [Worker-15] INFO  o.e.m.c.i.embedder.EclipseLogger - Using 'UTF-8' encoding to copy filtered resources.
2016-05-05 11:55:13,870 [Worker-15] INFO  o.e.m.c.i.embedder.EclipseLogger - Copying 0 resource
2016-05-05 11:55:13,873 [Worker-15] INFO  o.e.m.c.i.embedder.EclipseLogger - Using 'UTF-8' encoding to copy filtered resources.
2016-05-05 11:55:13,873 [Worker-15] INFO  o.e.m.c.i.embedder.EclipseLogger - skip non existing resourceDirectory /home/galois/Área de Trabalho/Arquitetura_Crua/Molde1_JAVAEE-master/MoldeProjetos6_Encorpado3/src/test/resources
2016-05-05 11:56:00,241 [Worker-13] INFO  o.e.m.c.i.embedder.EclipseLogger - Using 'UTF-8' encoding to copy filtered resources.
2016-05-05 11:56:00,241 [Worker-13] INFO  o.e.m.c.i.embedder.EclipseLogger - Copying 0 resource
2016-05-05 11:56:00,243 [Worker-13] INFO  o.e.m.c.i.embedder.EclipseLogger - Using 'UTF-8' encoding to copy filtered resources.
2016-05-05 11:56:00,243 [Worker-13] INFO  o.e.m.c.i.embedder.EclipseLogger - skip non existing resourceDirectory /home/galois/Área de Trabalho/Arquitetura_Crua/Molde1_JAVAEE-master/MoldeProjetos6_Encorpado3/src/test/resources
2016-05-05 11:56:32,136 [Worker-15] INFO  o.e.m.c.i.embedder.EclipseLogger - Using 'UTF-8' encoding to copy filtered resources.
2016-05-05 11:56:32,136 [Worker-15] INFO  o.e.m.c.i.embedder.EclipseLogger - Copying 0 resource
2016-05-05 11:56:32,138 [Worker-15] INFO  o.e.m.c.i.embedder.EclipseLogger - Using 'UTF-8' encoding to copy filtered resources.
2016-05-05 11:56:32,139 [Worker-15] INFO  o.e.m.c.i.embedder.EclipseLogger - skip non existing resourceDirectory /home/galois/Área de Trabalho/Arquitetura_Crua/Molde1_JAVAEE-master/MoldeProjetos6_Encorpado3/src/test/resources
2016-05-05 11:58:53,096 [Worker-12] INFO  o.e.m.c.i.embedder.EclipseLogger - Using 'UTF-8' encoding to copy filtered resources.
2016-05-05 11:58:53,097 [Worker-12] INFO  o.e.m.c.i.embedder.EclipseLogger - Copying 0 resource
2016-05-05 11:58:53,098 [Worker-12] INFO  o.e.m.c.i.embedder.EclipseLogger - Using 'UTF-8' encoding to copy filtered resources.
2016-05-05 11:58:53,098 [Worker-12] INFO  o.e.m.c.i.embedder.EclipseLogger - skip non existing resourceDirectory /home/galois/Área de Trabalho/Arquitetura_Crua/Molde1_JAVAEE-master/MoldeProjetos6_Encorpado3/src/test/resources
2016-05-05 11:59:03,764 [Worker-20] INFO  o.e.m.c.i.embedder.EclipseLogger - Using 'UTF-8' encoding to copy filtered resources.
2016-05-05 11:59:03,765 [Worker-20] INFO  o.e.m.c.i.embedder.EclipseLogger - Copying 0 resource
2016-05-05 11:59:03,766 [Worker-20] INFO  o.e.m.c.i.embedder.EclipseLogger - Using 'UTF-8' encoding to copy filtered resources.
2016-05-05 11:59:03,766 [Worker-20] INFO  o.e.m.c.i.embedder.EclipseLogger - skip non existing resourceDirectory /home/galois/Área de Trabalho/Arquitetura_Crua/Molde1_JAVAEE-master/MoldeProjetos6_Encorpado3/src/test/resources
2016-05-05 11:59:13,614 [Worker-21] INFO  o.e.m.c.i.embedder.EclipseLogger - Using 'UTF-8' encoding to copy filtered resources.
2016-05-05 11:59:13,614 [Worker-21] INFO  o.e.m.c.i.embedder.EclipseLogger - Copying 0 resource
2016-05-05 11:59:13,616 [Worker-21] INFO  o.e.m.c.i.embedder.EclipseLogger - Using 'UTF-8' encoding to copy filtered resources.
2016-05-05 11:59:13,617 [Worker-21] INFO  o.e.m.c.i.embedder.EclipseLogger - skip non existing resourceDirectory /home/galois/Área de Trabalho/Arquitetura_Crua/Molde1_JAVAEE-master/MoldeProjetos6_Encorpado3/src/test/resources
2016-05-05 11:59:18,995 [Worker-19] INFO  o.e.m.c.i.embedder.EclipseLogger - Using 'UTF-8' encoding to copy filtered resources.
2016-05-05 11:59:18,995 [Worker-19] INFO  o.e.m.c.i.embedder.EclipseLogger - Copying 0 resource
2016-05-05 11:59:18,997 [Worker-19] INFO  o.e.m.c.i.embedder.EclipseLogger - Using 'UTF-8' encoding to copy filtered resources.
2016-05-05 11:59:18,997 [Worker-19] INFO  o.e.m.c.i.embedder.EclipseLogger - skip non existing resourceDirectory /home/galois/Área de Trabalho/Arquitetura_Crua/Molde1_JAVAEE-master/MoldeProjetos6_Encorpado3/src/test/resources
2016-05-05 11:59:52,722 [Worker-21] INFO  o.e.m.c.i.embedder.EclipseLogger - Using 'UTF-8' encoding to copy filtered resources.
2016-05-05 11:59:52,723 [Worker-21] INFO  o.e.m.c.i.embedder.EclipseLogger - Copying 0 resource
2016-05-05 11:59:52,725 [Worker-21] INFO  o.e.m.c.i.embedder.EclipseLogger - Using 'UTF-8' encoding to copy filtered resources.
2016-05-05 11:59:52,725 [Worker-21] INFO  o.e.m.c.i.embedder.EclipseLogger - skip non existing resourceDirectory /home/galois/Área de Trabalho/Arquitetura_Crua/Molde1_JAVAEE-master/MoldeProjetos6_Encorpado3/src/test/resources
2016-05-05 12:00:07,514 [Worker-12] INFO  o.e.m.c.i.embedder.EclipseLogger - Using 'UTF-8' encoding to copy filtered resources.
2016-05-05 12:00:07,515 [Worker-12] INFO  o.e.m.c.i.embedder.EclipseLogger - Copying 0 resource
2016-05-05 12:00:07,518 [Worker-12] INFO  o.e.m.c.i.embedder.EclipseLogger - Using 'UTF-8' encoding to copy filtered resources.
2016-05-05 12:00:07,519 [Worker-12] INFO  o.e.m.c.i.embedder.EclipseLogger - skip non existing resourceDirectory /home/galois/Área de Trabalho/Arquitetura_Crua/Molde1_JAVAEE-master/MoldeProjetos6_Encorpado3/src/test/resources
2016-05-05 12:00:18,274 [Worker-19] INFO  o.e.m.c.i.embedder.EclipseLogger - Using 'UTF-8' encoding to copy filtered resources.
2016-05-05 12:00:18,274 [Worker-19] INFO  o.e.m.c.i.embedder.EclipseLogger - Copying 0 resource
2016-05-05 12:00:18,276 [Worker-19] INFO  o.e.m.c.i.embedder.EclipseLogger - Using 'UTF-8' encoding to copy filtered resources.
2016-05-05 12:00:18,276 [Worker-19] INFO  o.e.m.c.i.embedder.EclipseLogger - skip non existing resourceDirectory /home/galois/Área de Trabalho/Arquitetura_Crua/Molde1_JAVAEE-master/MoldeProjetos6_Encorpado3/src/test/resources
2016-05-05 12:00:23,767 [Worker-19] INFO  o.e.m.c.i.embedder.EclipseLogger - Using 'UTF-8' encoding to copy filtered resources.
2016-05-05 12:00:23,768 [Worker-19] INFO  o.e.m.c.i.embedder.EclipseLogger - Copying 0 resource
2016-05-05 12:00:23,769 [Worker-19] INFO  o.e.m.c.i.embedder.EclipseLogger - Using 'UTF-8' encoding to copy filtered resources.
2016-05-05 12:00:23,769 [Worker-19] INFO  o.e.m.c.i.embedder.EclipseLogger - skip non existing resourceDirectory /home/galois/Área de Trabalho/Arquitetura_Crua/Molde1_JAVAEE-master/MoldeProjetos6_Encorpado3/src/test/resources
2016-05-05 12:18:44,596 [Worker-24] INFO  o.e.m.c.i.embedder.EclipseLogger - Using 'UTF-8' encoding to copy filtered resources.
2016-05-05 12:18:44,597 [Worker-24] INFO  o.e.m.c.i.embedder.EclipseLogger - Copying 0 resource
2016-05-05 12:18:44,600 [Worker-24] INFO  o.e.m.c.i.embedder.EclipseLogger - Using 'UTF-8' encoding to copy filtered resources.
2016-05-05 12:18:44,600 [Worker-24] INFO  o.e.m.c.i.embedder.EclipseLogger - skip non existing resourceDirectory /home/galois/Área de Trabalho/Arquitetura_Crua/Molde1_JAVAEE-master/MoldeProjetos6_Encorpado3/src/test/resources
2016-05-05 12:18:52,949 [Worker-25] INFO  o.e.m.c.i.embedder.EclipseLogger - Using 'UTF-8' encoding to copy filtered resources.
2016-05-05 12:18:52,949 [Worker-25] INFO  o.e.m.c.i.embedder.EclipseLogger - Copying 0 resource
2016-05-05 12:18:52,951 [Worker-25] INFO  o.e.m.c.i.embedder.EclipseLogger - Using 'UTF-8' encoding to copy filtered resources.
2016-05-05 12:18:52,952 [Worker-25] INFO  o.e.m.c.i.embedder.EclipseLogger - skip non existing resourceDirectory /home/galois/Área de Trabalho/Arquitetura_Crua/Molde1_JAVAEE-master/MoldeProjetos6_Encorpado3/src/test/resources
2016-05-05 12:19:07,444 [Worker-12] INFO  o.e.m.c.i.embedder.EclipseLogger - Using 'UTF-8' encoding to copy filtered resources.
2016-05-05 12:19:07,445 [Worker-12] INFO  o.e.m.c.i.embedder.EclipseLogger - Copying 0 resource
2016-05-05 12:19:07,449 [Worker-12] INFO  o.e.m.c.i.embedder.EclipseLogger - Using 'UTF-8' encoding to copy filtered resources.
2016-05-05 12:19:07,449 [Worker-12] INFO  o.e.m.c.i.embedder.EclipseLogger - skip non existing resourceDirectory /home/galois/Área de Trabalho/Arquitetura_Crua/Molde1_JAVAEE-master/MoldeProjetos6_Encorpado3/src/test/resources
2016-05-05 12:19:28,088 [Worker-19] INFO  o.e.m.c.i.embedder.EclipseLogger - Using 'UTF-8' encoding to copy filtered resources.
2016-05-05 12:19:28,088 [Worker-19] INFO  o.e.m.c.i.embedder.EclipseLogger - Copying 0 resource
2016-05-05 12:19:28,090 [Worker-19] INFO  o.e.m.c.i.embedder.EclipseLogger - Using 'UTF-8' encoding to copy filtered resources.
2016-05-05 12:19:28,090 [Worker-19] INFO  o.e.m.c.i.embedder.EclipseLogger - skip non existing resourceDirectory /home/galois/Área de Trabalho/Arquitetura_Crua/Molde1_JAVAEE-master/MoldeProjetos6_Encorpado3/src/test/resources
2016-05-05 12:19:50,111 [Worker-26] INFO  o.e.m.c.i.embedder.EclipseLogger - Using 'UTF-8' encoding to copy filtered resources.
2016-05-05 12:19:50,112 [Worker-26] INFO  o.e.m.c.i.embedder.EclipseLogger - Copying 0 resource
2016-05-05 12:19:50,114 [Worker-26] INFO  o.e.m.c.i.embedder.EclipseLogger - Using 'UTF-8' encoding to copy filtered resources.
2016-05-05 12:19:50,114 [Worker-26] INFO  o.e.m.c.i.embedder.EclipseLogger - skip non existing resourceDirectory /home/galois/Área de Trabalho/Arquitetura_Crua/Molde1_JAVAEE-master/MoldeProjetos6_Encorpado3/src/test/resources
2016-05-05 12:20:24,894 [Worker-19] INFO  o.e.m.c.i.embedder.EclipseLogger - Using 'UTF-8' encoding to copy filtered resources.
2016-05-05 12:20:24,894 [Worker-19] INFO  o.e.m.c.i.embedder.EclipseLogger - Copying 0 resource
2016-05-05 12:20:24,897 [Worker-19] INFO  o.e.m.c.i.embedder.EclipseLogger - Using 'UTF-8' encoding to copy filtered resources.
2016-05-05 12:20:24,897 [Worker-19] INFO  o.e.m.c.i.embedder.EclipseLogger - skip non existing resourceDirectory /home/galois/Área de Trabalho/Arquitetura_Crua/Molde1_JAVAEE-master/MoldeProjetos6_Encorpado3/src/test/resources
2016-05-05 12:20:30,808 [Worker-25] INFO  o.e.m.c.i.embedder.EclipseLogger - Using 'UTF-8' encoding to copy filtered resources.
2016-05-05 12:20:30,809 [Worker-25] INFO  o.e.m.c.i.embedder.EclipseLogger - Copying 0 resource
2016-05-05 12:20:30,812 [Worker-25] INFO  o.e.m.c.i.embedder.EclipseLogger - Using 'UTF-8' encoding to copy filtered resources.
2016-05-05 12:20:30,812 [Worker-25] INFO  o.e.m.c.i.embedder.EclipseLogger - skip non existing resourceDirectory /home/galois/Área de Trabalho/Arquitetura_Crua/Molde1_JAVAEE-master/MoldeProjetos6_Encorpado3/src/test/resources
2016-05-05 12:20:40,825 [Worker-19] INFO  o.e.m.c.i.embedder.EclipseLogger - Using 'UTF-8' encoding to copy filtered resources.
2016-05-05 12:20:40,826 [Worker-19] INFO  o.e.m.c.i.embedder.EclipseLogger - Copying 0 resource
2016-05-05 12:20:40,830 [Worker-19] INFO  o.e.m.c.i.embedder.EclipseLogger - Using 'UTF-8' encoding to copy filtered resources.
2016-05-05 12:20:40,830 [Worker-19] INFO  o.e.m.c.i.embedder.EclipseLogger - skip non existing resourceDirectory /home/galois/Área de Trabalho/Arquitetura_Crua/Molde1_JAVAEE-master/MoldeProjetos6_Encorpado3/src/test/resources
2016-05-05 12:21:00,836 [Worker-23] INFO  o.e.m.c.i.embedder.EclipseLogger - Using 'UTF-8' encoding to copy filtered resources.
2016-05-05 12:21:00,837 [Worker-23] INFO  o.e.m.c.i.embedder.EclipseLogger - Copying 0 resource
2016-05-05 12:21:00,839 [Worker-23] INFO  o.e.m.c.i.embedder.EclipseLogger - Using 'UTF-8' encoding to copy filtered resources.
2016-05-05 12:21:00,839 [Worker-23] INFO  o.e.m.c.i.embedder.EclipseLogger - skip non existing resourceDirectory /home/galois/Área de Trabalho/Arquitetura_Crua/Molde1_JAVAEE-master/MoldeProjetos6_Encorpado3/src/test/resources
2016-05-05 12:21:08,279 [Worker-24] INFO  o.e.m.c.i.embedder.EclipseLogger - Using 'UTF-8' encoding to copy filtered resources.
2016-05-05 12:21:08,279 [Worker-24] INFO  o.e.m.c.i.embedder.EclipseLogger - Copying 0 resource
2016-05-05 12:21:08,281 [Worker-24] INFO  o.e.m.c.i.embedder.EclipseLogger - Using 'UTF-8' encoding to copy filtered resources.
2016-05-05 12:21:08,281 [Worker-24] INFO  o.e.m.c.i.embedder.EclipseLogger - skip non existing resourceDirectory /home/galois/Área de Trabalho/Arquitetura_Crua/Molde1_JAVAEE-master/MoldeProjetos6_Encorpado3/src/test/resources
2016-05-05 12:21:16,799 [Worker-25] INFO  o.e.m.c.i.embedder.EclipseLogger - Using 'UTF-8' encoding to copy filtered resources.
2016-05-05 12:21:16,799 [Worker-25] INFO  o.e.m.c.i.embedder.EclipseLogger - Copying 0 resource
2016-05-05 12:21:16,800 [Worker-25] INFO  o.e.m.c.i.embedder.EclipseLogger - Using 'UTF-8' encoding to copy filtered resources.
2016-05-05 12:21:16,801 [Worker-25] INFO  o.e.m.c.i.embedder.EclipseLogger - skip non existing resourceDirectory /home/galois/Área de Trabalho/Arquitetura_Crua/Molde1_JAVAEE-master/MoldeProjetos6_Encorpado3/src/test/resources
2016-05-05 12:21:25,429 [Worker-26] INFO  o.e.m.c.i.embedder.EclipseLogger - Using 'UTF-8' encoding to copy filtered resources.
2016-05-05 12:21:25,429 [Worker-26] INFO  o.e.m.c.i.embedder.EclipseLogger - Copying 0 resource
2016-05-05 12:21:25,431 [Worker-26] INFO  o.e.m.c.i.embedder.EclipseLogger - Using 'UTF-8' encoding to copy filtered resources.
2016-05-05 12:21:25,431 [Worker-26] INFO  o.e.m.c.i.embedder.EclipseLogger - skip non existing resourceDirectory /home/galois/Área de Trabalho/Arquitetura_Crua/Molde1_JAVAEE-master/MoldeProjetos6_Encorpado3/src/test/resources
2016-05-05 12:21:35,962 [Worker-24] INFO  o.e.m.c.i.embedder.EclipseLogger - Using 'UTF-8' encoding to copy filtered resources.
2016-05-05 12:21:35,962 [Worker-24] INFO  o.e.m.c.i.embedder.EclipseLogger - Copying 0 resource
2016-05-05 12:21:35,964 [Worker-24] INFO  o.e.m.c.i.embedder.EclipseLogger - Using 'UTF-8' encoding to copy filtered resources.
2016-05-05 12:21:35,965 [Worker-24] INFO  o.e.m.c.i.embedder.EclipseLogger - skip non existing resourceDirectory /home/galois/Área de Trabalho/Arquitetura_Crua/Molde1_JAVAEE-master/MoldeProjetos6_Encorpado3/src/test/resources
2016-05-05 12:21:55,186 [Worker-25] INFO  o.e.m.c.i.embedder.EclipseLogger - Using 'UTF-8' encoding to copy filtered resources.
2016-05-05 12:21:55,186 [Worker-25] INFO  o.e.m.c.i.embedder.EclipseLogger - Copying 0 resource
2016-05-05 12:21:55,187 [Worker-25] INFO  o.e.m.c.i.embedder.EclipseLogger - Using 'UTF-8' encoding to copy filtered resources.
2016-05-05 12:21:55,187 [Worker-25] INFO  o.e.m.c.i.embedder.EclipseLogger - skip non existing resourceDirectory /home/galois/Área de Trabalho/Arquitetura_Crua/Molde1_JAVAEE-master/MoldeProjetos6_Encorpado3/src/test/resources
2016-05-05 12:21:59,602 [Worker-19] INFO  o.e.m.c.i.embedder.EclipseLogger - Using 'UTF-8' encoding to copy filtered resources.
2016-05-05 12:21:59,602 [Worker-19] INFO  o.e.m.c.i.embedder.EclipseLogger - Copying 0 resource
2016-05-05 12:21:59,604 [Worker-19] INFO  o.e.m.c.i.embedder.EclipseLogger - Using 'UTF-8' encoding to copy filtered resources.
2016-05-05 12:21:59,604 [Worker-19] INFO  o.e.m.c.i.embedder.EclipseLogger - skip non existing resourceDirectory /home/galois/Área de Trabalho/Arquitetura_Crua/Molde1_JAVAEE-master/MoldeProjetos6_Encorpado3/src/test/resources
2016-05-05 12:22:10,961 [Worker-26] INFO  o.e.m.c.i.embedder.EclipseLogger - Using 'UTF-8' encoding to copy filtered resources.
2016-05-05 12:22:10,961 [Worker-26] INFO  o.e.m.c.i.embedder.EclipseLogger - Copying 0 resource
2016-05-05 12:22:10,964 [Worker-26] INFO  o.e.m.c.i.embedder.EclipseLogger - Using 'UTF-8' encoding to copy filtered resources.
2016-05-05 12:22:10,964 [Worker-26] INFO  o.e.m.c.i.embedder.EclipseLogger - skip non existing resourceDirectory /home/galois/Área de Trabalho/Arquitetura_Crua/Molde1_JAVAEE-master/MoldeProjetos6_Encorpado3/src/test/resources
2016-05-05 12:22:18,276 [Worker-24] INFO  o.e.m.c.i.embedder.EclipseLogger - Using 'UTF-8' encoding to copy filtered resources.
2016-05-05 12:22:18,277 [Worker-24] INFO  o.e.m.c.i.embedder.EclipseLogger - Copying 0 resource
2016-05-05 12:22:18,278 [Worker-24] INFO  o.e.m.c.i.embedder.EclipseLogger - Using 'UTF-8' encoding to copy filtered resources.
2016-05-05 12:22:18,278 [Worker-24] INFO  o.e.m.c.i.embedder.EclipseLogger - skip non existing resourceDirectory /home/galois/Área de Trabalho/Arquitetura_Crua/Molde1_JAVAEE-master/MoldeProjetos6_Encorpado3/src/test/resources
2016-05-05 12:22:24,433 [Worker-24] INFO  o.e.m.c.i.embedder.EclipseLogger - Using 'UTF-8' encoding to copy filtered resources.
2016-05-05 12:22:24,433 [Worker-24] INFO  o.e.m.c.i.embedder.EclipseLogger - Copying 0 resource
2016-05-05 12:22:24,434 [Worker-24] INFO  o.e.m.c.i.embedder.EclipseLogger - Using 'UTF-8' encoding to copy filtered resources.
2016-05-05 12:22:24,435 [Worker-24] INFO  o.e.m.c.i.embedder.EclipseLogger - skip non existing resourceDirectory /home/galois/Área de Trabalho/Arquitetura_Crua/Molde1_JAVAEE-master/MoldeProjetos6_Encorpado3/src/test/resources
2016-05-05 12:22:30,546 [Worker-24] INFO  o.e.m.c.i.embedder.EclipseLogger - Using 'UTF-8' encoding to copy filtered resources.
2016-05-05 12:22:30,546 [Worker-24] INFO  o.e.m.c.i.embedder.EclipseLogger - Copying 0 resource
2016-05-05 12:22:30,548 [Worker-24] INFO  o.e.m.c.i.embedder.EclipseLogger - Using 'UTF-8' encoding to copy filtered resources.
2016-05-05 12:22:30,548 [Worker-24] INFO  o.e.m.c.i.embedder.EclipseLogger - skip non existing resourceDirectory /home/galois/Área de Trabalho/Arquitetura_Crua/Molde1_JAVAEE-master/MoldeProjetos6_Encorpado3/src/test/resources
2016-05-05 12:23:21,754 [Worker-12] INFO  o.e.m.c.i.embedder.EclipseLogger - Using 'UTF-8' encoding to copy filtered resources.
2016-05-05 12:23:21,754 [Worker-12] INFO  o.e.m.c.i.embedder.EclipseLogger - Copying 0 resource
2016-05-05 12:23:21,756 [Worker-12] INFO  o.e.m.c.i.embedder.EclipseLogger - Using 'UTF-8' encoding to copy filtered resources.
2016-05-05 12:23:21,756 [Worker-12] INFO  o.e.m.c.i.embedder.EclipseLogger - skip non existing resourceDirectory /home/galois/Área de Trabalho/Arquitetura_Crua/Molde1_JAVAEE-master/MoldeProjetos6_Encorpado3/src/test/resources
2016-05-05 12:23:43,036 [Worker-19] INFO  o.e.m.c.i.embedder.EclipseLogger - Using 'UTF-8' encoding to copy filtered resources.
2016-05-05 12:23:43,037 [Worker-19] INFO  o.e.m.c.i.embedder.EclipseLogger - Copying 0 resource
2016-05-05 12:23:43,039 [Worker-19] INFO  o.e.m.c.i.embedder.EclipseLogger - Using 'UTF-8' encoding to copy filtered resources.
2016-05-05 12:23:43,039 [Worker-19] INFO  o.e.m.c.i.embedder.EclipseLogger - skip non existing resourceDirectory /home/galois/Área de Trabalho/Arquitetura_Crua/Molde1_JAVAEE-master/MoldeProjetos6_Encorpado3/src/test/resources
2016-05-05 12:23:54,537 [Worker-23] INFO  o.e.m.c.i.embedder.EclipseLogger - Using 'UTF-8' encoding to copy filtered resources.
2016-05-05 12:23:54,538 [Worker-23] INFO  o.e.m.c.i.embedder.EclipseLogger - Copying 0 resource
2016-05-05 12:23:54,539 [Worker-23] INFO  o.e.m.c.i.embedder.EclipseLogger - Using 'UTF-8' encoding to copy filtered resources.
2016-05-05 12:23:54,539 [Worker-23] INFO  o.e.m.c.i.embedder.EclipseLogger - skip non existing resourceDirectory /home/galois/Área de Trabalho/Arquitetura_Crua/Molde1_JAVAEE-master/MoldeProjetos6_Encorpado3/src/test/resources
2016-05-05 12:24:02,330 [Worker-19] INFO  o.e.m.c.i.embedder.EclipseLogger - Using 'UTF-8' encoding to copy filtered resources.
2016-05-05 12:24:02,331 [Worker-19] INFO  o.e.m.c.i.embedder.EclipseLogger - Copying 0 resource
2016-05-05 12:24:02,333 [Worker-19] INFO  o.e.m.c.i.embedder.EclipseLogger - Using 'UTF-8' encoding to copy filtered resources.
2016-05-05 12:24:02,333 [Worker-19] INFO  o.e.m.c.i.embedder.EclipseLogger - skip non existing resourceDirectory /home/galois/Área de Trabalho/Arquitetura_Crua/Molde1_JAVAEE-master/MoldeProjetos6_Encorpado3/src/test/resources
2016-05-05 12:24:15,563 [Worker-23] INFO  o.e.m.c.i.embedder.EclipseLogger - Using 'UTF-8' encoding to copy filtered resources.
2016-05-05 12:24:15,563 [Worker-23] INFO  o.e.m.c.i.embedder.EclipseLogger - Copying 0 resource
2016-05-05 12:24:15,564 [Worker-23] INFO  o.e.m.c.i.embedder.EclipseLogger - Using 'UTF-8' encoding to copy filtered resources.
2016-05-05 12:24:15,564 [Worker-23] INFO  o.e.m.c.i.embedder.EclipseLogger - skip non existing resourceDirectory /home/galois/Área de Trabalho/Arquitetura_Crua/Molde1_JAVAEE-master/MoldeProjetos6_Encorpado3/src/test/resources
2016-05-05 12:24:19,101 [Worker-19] INFO  o.e.m.c.i.embedder.EclipseLogger - Using 'UTF-8' encoding to copy filtered resources.
2016-05-05 12:24:19,102 [Worker-19] INFO  o.e.m.c.i.embedder.EclipseLogger - Copying 0 resource
2016-05-05 12:24:19,104 [Worker-19] INFO  o.e.m.c.i.embedder.EclipseLogger - Using 'UTF-8' encoding to copy filtered resources.
2016-05-05 12:24:19,104 [Worker-19] INFO  o.e.m.c.i.embedder.EclipseLogger - skip non existing resourceDirectory /home/galois/Área de Trabalho/Arquitetura_Crua/Molde1_JAVAEE-master/MoldeProjetos6_Encorpado3/src/test/resources
2016-05-05 12:24:56,961 [Worker-19] INFO  o.e.m.c.i.embedder.EclipseLogger - Using 'UTF-8' encoding to copy filtered resources.
2016-05-05 12:24:56,961 [Worker-19] INFO  o.e.m.c.i.embedder.EclipseLogger - Copying 0 resource
2016-05-05 12:24:56,963 [Worker-19] INFO  o.e.m.c.i.embedder.EclipseLogger - Using 'UTF-8' encoding to copy filtered resources.
2016-05-05 12:24:56,963 [Worker-19] INFO  o.e.m.c.i.embedder.EclipseLogger - skip non existing resourceDirectory /home/galois/Área de Trabalho/Arquitetura_Crua/Molde1_JAVAEE-master/MoldeProjetos6_Encorpado3/src/test/resources
2016-05-05 12:25:35,348 [Worker-23] INFO  o.e.m.c.i.embedder.EclipseLogger - Using 'UTF-8' encoding to copy filtered resources.
2016-05-05 12:25:35,348 [Worker-23] INFO  o.e.m.c.i.embedder.EclipseLogger - Copying 0 resource
2016-05-05 12:25:35,350 [Worker-23] INFO  o.e.m.c.i.embedder.EclipseLogger - Using 'UTF-8' encoding to copy filtered resources.
2016-05-05 12:25:35,351 [Worker-23] INFO  o.e.m.c.i.embedder.EclipseLogger - skip non existing resourceDirectory /home/galois/Área de Trabalho/Arquitetura_Crua/Molde1_JAVAEE-master/MoldeProjetos6_Encorpado3/src/test/resources
2016-05-05 12:25:56,039 [Worker-24] INFO  o.e.m.c.i.embedder.EclipseLogger - Using 'UTF-8' encoding to copy filtered resources.
2016-05-05 12:25:56,039 [Worker-24] INFO  o.e.m.c.i.embedder.EclipseLogger - Copying 0 resource
2016-05-05 12:25:56,041 [Worker-24] INFO  o.e.m.c.i.embedder.EclipseLogger - Using 'UTF-8' encoding to copy filtered resources.
2016-05-05 12:25:56,041 [Worker-24] INFO  o.e.m.c.i.embedder.EclipseLogger - skip non existing resourceDirectory /home/galois/Área de Trabalho/Arquitetura_Crua/Molde1_JAVAEE-master/MoldeProjetos6_Encorpado3/src/test/resources
2016-05-05 12:26:00,588 [Worker-19] INFO  o.e.m.c.i.embedder.EclipseLogger - Using 'UTF-8' encoding to copy filtered resources.
2016-05-05 12:26:00,588 [Worker-19] INFO  o.e.m.c.i.embedder.EclipseLogger - Copying 0 resource
2016-05-05 12:26:00,589 [Worker-19] INFO  o.e.m.c.i.embedder.EclipseLogger - Using 'UTF-8' encoding to copy filtered resources.
2016-05-05 12:26:00,590 [Worker-19] INFO  o.e.m.c.i.embedder.EclipseLogger - skip non existing resourceDirectory /home/galois/Área de Trabalho/Arquitetura_Crua/Molde1_JAVAEE-master/MoldeProjetos6_Encorpado3/src/test/resources
2016-05-05 12:26:05,751 [Worker-24] INFO  o.e.m.c.i.embedder.EclipseLogger - Using 'UTF-8' encoding to copy filtered resources.
2016-05-05 12:26:05,752 [Worker-24] INFO  o.e.m.c.i.embedder.EclipseLogger - Copying 0 resource
2016-05-05 12:26:05,753 [Worker-24] INFO  o.e.m.c.i.embedder.EclipseLogger - Using 'UTF-8' encoding to copy filtered resources.
2016-05-05 12:26:05,753 [Worker-24] INFO  o.e.m.c.i.embedder.EclipseLogger - skip non existing resourceDirectory /home/galois/Área de Trabalho/Arquitetura_Crua/Molde1_JAVAEE-master/MoldeProjetos6_Encorpado3/src/test/resources
2016-05-05 12:26:12,249 [Worker-23] INFO  o.e.m.c.i.embedder.EclipseLogger - Using 'UTF-8' encoding to copy filtered resources.
2016-05-05 12:26:12,249 [Worker-23] INFO  o.e.m.c.i.embedder.EclipseLogger - Copying 0 resource
2016-05-05 12:26:12,251 [Worker-23] INFO  o.e.m.c.i.embedder.EclipseLogger - Using 'UTF-8' encoding to copy filtered resources.
2016-05-05 12:26:12,251 [Worker-23] INFO  o.e.m.c.i.embedder.EclipseLogger - skip non existing resourceDirectory /home/galois/Área de Trabalho/Arquitetura_Crua/Molde1_JAVAEE-master/MoldeProjetos6_Encorpado3/src/test/resources
2016-05-05 12:26:17,555 [Worker-12] INFO  o.e.m.c.i.embedder.EclipseLogger - Using 'UTF-8' encoding to copy filtered resources.
2016-05-05 12:26:17,555 [Worker-12] INFO  o.e.m.c.i.embedder.EclipseLogger - Copying 0 resource
2016-05-05 12:26:17,557 [Worker-12] INFO  o.e.m.c.i.embedder.EclipseLogger - Using 'UTF-8' encoding to copy filtered resources.
2016-05-05 12:26:17,557 [Worker-12] INFO  o.e.m.c.i.embedder.EclipseLogger - skip non existing resourceDirectory /home/galois/Área de Trabalho/Arquitetura_Crua/Molde1_JAVAEE-master/MoldeProjetos6_Encorpado3/src/test/resources
2016-05-05 12:26:32,247 [Worker-19] INFO  o.e.m.c.i.embedder.EclipseLogger - Using 'UTF-8' encoding to copy filtered resources.
2016-05-05 12:26:32,247 [Worker-19] INFO  o.e.m.c.i.embedder.EclipseLogger - Copying 0 resource
2016-05-05 12:26:32,250 [Worker-19] INFO  o.e.m.c.i.embedder.EclipseLogger - Using 'UTF-8' encoding to copy filtered resources.
2016-05-05 12:26:32,251 [Worker-19] INFO  o.e.m.c.i.embedder.EclipseLogger - skip non existing resourceDirectory /home/galois/Área de Trabalho/Arquitetura_Crua/Molde1_JAVAEE-master/MoldeProjetos6_Encorpado3/src/test/resources
2016-05-05 12:26:47,828 [Worker-23] INFO  o.e.m.c.i.embedder.EclipseLogger - Using 'UTF-8' encoding to copy filtered resources.
2016-05-05 12:26:47,829 [Worker-23] INFO  o.e.m.c.i.embedder.EclipseLogger - Copying 0 resource
2016-05-05 12:26:47,831 [Worker-23] INFO  o.e.m.c.i.embedder.EclipseLogger - Using 'UTF-8' encoding to copy filtered resources.
2016-05-05 12:26:47,831 [Worker-23] INFO  o.e.m.c.i.embedder.EclipseLogger - skip non existing resourceDirectory /home/galois/Área de Trabalho/Arquitetura_Crua/Molde1_JAVAEE-master/MoldeProjetos6_Encorpado3/src/test/resources
2016-05-05 12:27:15,793 [Worker-26] INFO  o.e.m.c.i.embedder.EclipseLogger - Using 'UTF-8' encoding to copy filtered resources.
2016-05-05 12:27:15,793 [Worker-26] INFO  o.e.m.c.i.embedder.EclipseLogger - Copying 0 resource
2016-05-05 12:27:15,795 [Worker-26] INFO  o.e.m.c.i.embedder.EclipseLogger - Using 'UTF-8' encoding to copy filtered resources.
2016-05-05 12:27:15,795 [Worker-26] INFO  o.e.m.c.i.embedder.EclipseLogger - skip non existing resourceDirectory /home/galois/Área de Trabalho/Arquitetura_Crua/Molde1_JAVAEE-master/MoldeProjetos6_Encorpado3/src/test/resources
2016-05-05 12:27:29,766 [Worker-24] INFO  o.e.m.c.i.embedder.EclipseLogger - Using 'UTF-8' encoding to copy filtered resources.
2016-05-05 12:27:29,767 [Worker-24] INFO  o.e.m.c.i.embedder.EclipseLogger - Copying 0 resource
2016-05-05 12:27:29,769 [Worker-24] INFO  o.e.m.c.i.embedder.EclipseLogger - Using 'UTF-8' encoding to copy filtered resources.
2016-05-05 12:27:29,769 [Worker-24] INFO  o.e.m.c.i.embedder.EclipseLogger - skip non existing resourceDirectory /home/galois/Área de Trabalho/Arquitetura_Crua/Molde1_JAVAEE-master/MoldeProjetos6_Encorpado3/src/test/resources
2016-05-05 12:28:06,373 [Worker-27] INFO  o.e.m.c.i.embedder.EclipseLogger - Using 'UTF-8' encoding to copy filtered resources.
2016-05-05 12:28:06,374 [Worker-27] INFO  o.e.m.c.i.embedder.EclipseLogger - Copying 0 resource
2016-05-05 12:28:06,375 [Worker-27] INFO  o.e.m.c.i.embedder.EclipseLogger - Using 'UTF-8' encoding to copy filtered resources.
2016-05-05 12:28:06,375 [Worker-27] INFO  o.e.m.c.i.embedder.EclipseLogger - skip non existing resourceDirectory /home/galois/Área de Trabalho/Arquitetura_Crua/Molde1_JAVAEE-master/MoldeProjetos6_Encorpado3/src/test/resources
2016-05-05 12:28:10,281 [Worker-23] INFO  o.e.m.c.i.embedder.EclipseLogger - Using 'UTF-8' encoding to copy filtered resources.
2016-05-05 12:28:10,282 [Worker-23] INFO  o.e.m.c.i.embedder.EclipseLogger - Copying 0 resource
2016-05-05 12:28:10,283 [Worker-23] INFO  o.e.m.c.i.embedder.EclipseLogger - Using 'UTF-8' encoding to copy filtered resources.
2016-05-05 12:28:10,283 [Worker-23] INFO  o.e.m.c.i.embedder.EclipseLogger - skip non existing resourceDirectory /home/galois/Área de Trabalho/Arquitetura_Crua/Molde1_JAVAEE-master/MoldeProjetos6_Encorpado3/src/test/resources
2016-05-05 12:30:13,355 [Worker-27] INFO  o.e.m.c.i.embedder.EclipseLogger - Using 'UTF-8' encoding to copy filtered resources.
2016-05-05 12:30:13,356 [Worker-27] INFO  o.e.m.c.i.embedder.EclipseLogger - Copying 0 resource
2016-05-05 12:30:13,357 [Worker-27] INFO  o.e.m.c.i.embedder.EclipseLogger - Using 'UTF-8' encoding to copy filtered resources.
2016-05-05 12:30:13,357 [Worker-27] INFO  o.e.m.c.i.embedder.EclipseLogger - skip non existing resourceDirectory /home/galois/Área de Trabalho/Arquitetura_Crua/Molde1_JAVAEE-master/MoldeProjetos6_Encorpado3/src/test/resources
2016-05-05 12:30:21,096 [Worker-26] INFO  o.e.m.c.i.embedder.EclipseLogger - Using 'UTF-8' encoding to copy filtered resources.
2016-05-05 12:30:21,097 [Worker-26] INFO  o.e.m.c.i.embedder.EclipseLogger - Copying 0 resource
2016-05-05 12:30:21,099 [Worker-26] INFO  o.e.m.c.i.embedder.EclipseLogger - Using 'UTF-8' encoding to copy filtered resources.
2016-05-05 12:30:21,099 [Worker-26] INFO  o.e.m.c.i.embedder.EclipseLogger - skip non existing resourceDirectory /home/galois/Área de Trabalho/Arquitetura_Crua/Molde1_JAVAEE-master/MoldeProjetos6_Encorpado3/src/test/resources
2016-05-05 12:30:53,232 [Worker-27] INFO  o.e.m.c.i.embedder.EclipseLogger - Using 'UTF-8' encoding to copy filtered resources.
2016-05-05 12:30:53,233 [Worker-27] INFO  o.e.m.c.i.embedder.EclipseLogger - Copying 0 resource
2016-05-05 12:30:53,234 [Worker-27] INFO  o.e.m.c.i.embedder.EclipseLogger - Using 'UTF-8' encoding to copy filtered resources.
2016-05-05 12:30:53,234 [Worker-27] INFO  o.e.m.c.i.embedder.EclipseLogger - skip non existing resourceDirectory /home/galois/Área de Trabalho/Arquitetura_Crua/Molde1_JAVAEE-master/MoldeProjetos6_Encorpado3/src/test/resources
2016-05-05 12:31:15,786 [Worker-26] INFO  o.e.m.c.i.embedder.EclipseLogger - Using 'UTF-8' encoding to copy filtered resources.
2016-05-05 12:31:15,786 [Worker-26] INFO  o.e.m.c.i.embedder.EclipseLogger - Copying 0 resource
2016-05-05 12:31:15,788 [Worker-26] INFO  o.e.m.c.i.embedder.EclipseLogger - Using 'UTF-8' encoding to copy filtered resources.
2016-05-05 12:31:15,788 [Worker-26] INFO  o.e.m.c.i.embedder.EclipseLogger - skip non existing resourceDirectory /home/galois/Área de Trabalho/Arquitetura_Crua/Molde1_JAVAEE-master/MoldeProjetos6_Encorpado3/src/test/resources
2016-05-05 12:31:25,089 [Worker-27] INFO  o.e.m.c.i.embedder.EclipseLogger - Using 'UTF-8' encoding to copy filtered resources.
2016-05-05 12:31:25,089 [Worker-27] INFO  o.e.m.c.i.embedder.EclipseLogger - Copying 0 resource
2016-05-05 12:31:25,091 [Worker-27] INFO  o.e.m.c.i.embedder.EclipseLogger - Using 'UTF-8' encoding to copy filtered resources.
2016-05-05 12:31:25,091 [Worker-27] INFO  o.e.m.c.i.embedder.EclipseLogger - skip non existing resourceDirectory /home/galois/Área de Trabalho/Arquitetura_Crua/Molde1_JAVAEE-master/MoldeProjetos6_Encorpado3/src/test/resources
2016-05-05 12:31:34,442 [Worker-28] INFO  o.e.m.c.i.embedder.EclipseLogger - Using 'UTF-8' encoding to copy filtered resources.
2016-05-05 12:31:34,442 [Worker-28] INFO  o.e.m.c.i.embedder.EclipseLogger - Copying 0 resource
2016-05-05 12:31:34,444 [Worker-28] INFO  o.e.m.c.i.embedder.EclipseLogger - Using 'UTF-8' encoding to copy filtered resources.
2016-05-05 12:31:34,444 [Worker-28] INFO  o.e.m.c.i.embedder.EclipseLogger - skip non existing resourceDirectory /home/galois/Área de Trabalho/Arquitetura_Crua/Molde1_JAVAEE-master/MoldeProjetos6_Encorpado3/src/test/resources
2016-05-05 12:31:38,574 [Worker-26] INFO  o.e.m.c.i.embedder.EclipseLogger - Using 'UTF-8' encoding to copy filtered resources.
2016-05-05 12:31:38,574 [Worker-26] INFO  o.e.m.c.i.embedder.EclipseLogger - Copying 0 resource
2016-05-05 12:31:38,576 [Worker-26] INFO  o.e.m.c.i.embedder.EclipseLogger - Using 'UTF-8' encoding to copy filtered resources.
2016-05-05 12:31:38,576 [Worker-26] INFO  o.e.m.c.i.embedder.EclipseLogger - skip non existing resourceDirectory /home/galois/Área de Trabalho/Arquitetura_Crua/Molde1_JAVAEE-master/MoldeProjetos6_Encorpado3/src/test/resources
2016-05-05 12:31:42,875 [Worker-27] INFO  o.e.m.c.i.embedder.EclipseLogger - Using 'UTF-8' encoding to copy filtered resources.
2016-05-05 12:31:42,876 [Worker-27] INFO  o.e.m.c.i.embedder.EclipseLogger - Copying 0 resource
2016-05-05 12:31:42,877 [Worker-27] INFO  o.e.m.c.i.embedder.EclipseLogger - Using 'UTF-8' encoding to copy filtered resources.
2016-05-05 12:31:42,877 [Worker-27] INFO  o.e.m.c.i.embedder.EclipseLogger - skip non existing resourceDirectory /home/galois/Área de Trabalho/Arquitetura_Crua/Molde1_JAVAEE-master/MoldeProjetos6_Encorpado3/src/test/resources
2016-05-05 12:32:17,135 [Worker-26] INFO  o.e.m.c.i.embedder.EclipseLogger - Using 'UTF-8' encoding to copy filtered resources.
2016-05-05 12:32:17,136 [Worker-26] INFO  o.e.m.c.i.embedder.EclipseLogger - Copying 0 resource
2016-05-05 12:32:17,138 [Worker-26] INFO  o.e.m.c.i.embedder.EclipseLogger - Using 'UTF-8' encoding to copy filtered resources.
2016-05-05 12:32:17,138 [Worker-26] INFO  o.e.m.c.i.embedder.EclipseLogger - skip non existing resourceDirectory /home/galois/Área de Trabalho/Arquitetura_Crua/Molde1_JAVAEE-master/MoldeProjetos6_Encorpado3/src/test/resources
2016-05-05 12:33:44,839 [Worker-29] INFO  o.e.m.c.i.embedder.EclipseLogger - Using 'UTF-8' encoding to copy filtered resources.
2016-05-05 12:33:44,840 [Worker-29] INFO  o.e.m.c.i.embedder.EclipseLogger - Copying 0 resource
2016-05-05 12:33:44,841 [Worker-29] INFO  o.e.m.c.i.embedder.EclipseLogger - Using 'UTF-8' encoding to copy filtered resources.
2016-05-05 12:33:44,842 [Worker-29] INFO  o.e.m.c.i.embedder.EclipseLogger - skip non existing resourceDirectory /home/galois/Área de Trabalho/Arquitetura_Crua/Molde1_JAVAEE-master/MoldeProjetos6_Encorpado3/src/test/resources
2016-05-05 12:33:50,354 [Worker-24] INFO  o.e.m.c.i.embedder.EclipseLogger - Using 'UTF-8' encoding to copy filtered resources.
2016-05-05 12:33:50,355 [Worker-24] INFO  o.e.m.c.i.embedder.EclipseLogger - Copying 0 resource
2016-05-05 12:33:50,356 [Worker-24] INFO  o.e.m.c.i.embedder.EclipseLogger - Using 'UTF-8' encoding to copy filtered resources.
2016-05-05 12:33:50,356 [Worker-24] INFO  o.e.m.c.i.embedder.EclipseLogger - skip non existing resourceDirectory /home/galois/Área de Trabalho/Arquitetura_Crua/Molde1_JAVAEE-master/MoldeProjetos6_Encorpado3/src/test/resources
2016-05-05 12:34:22,097 [Worker-30] INFO  o.e.m.c.i.embedder.EclipseLogger - Using 'UTF-8' encoding to copy filtered resources.
2016-05-05 12:34:22,098 [Worker-30] INFO  o.e.m.c.i.embedder.EclipseLogger - Copying 0 resource
2016-05-05 12:34:22,101 [Worker-30] INFO  o.e.m.c.i.embedder.EclipseLogger - Using 'UTF-8' encoding to copy filtered resources.
2016-05-05 12:34:22,101 [Worker-30] INFO  o.e.m.c.i.embedder.EclipseLogger - skip non existing resourceDirectory /home/galois/Área de Trabalho/Arquitetura_Crua/Molde1_JAVAEE-master/MoldeProjetos6_Encorpado3/src/test/resources
2016-05-05 12:34:59,657 [Worker-30] INFO  o.e.m.c.i.embedder.EclipseLogger - Using 'UTF-8' encoding to copy filtered resources.
2016-05-05 12:34:59,657 [Worker-30] INFO  o.e.m.c.i.embedder.EclipseLogger - Copying 0 resource
2016-05-05 12:34:59,658 [Worker-30] INFO  o.e.m.c.i.embedder.EclipseLogger - Using 'UTF-8' encoding to copy filtered resources.
2016-05-05 12:34:59,658 [Worker-30] INFO  o.e.m.c.i.embedder.EclipseLogger - skip non existing resourceDirectory /home/galois/Área de Trabalho/Arquitetura_Crua/Molde1_JAVAEE-master/MoldeProjetos6_Encorpado3/src/test/resources
2016-05-05 12:35:12,197 [Worker-26] INFO  o.e.m.c.i.embedder.EclipseLogger - Using 'UTF-8' encoding to copy filtered resources.
2016-05-05 12:35:12,197 [Worker-26] INFO  o.e.m.c.i.embedder.EclipseLogger - Copying 0 resource
2016-05-05 12:35:12,200 [Worker-26] INFO  o.e.m.c.i.embedder.EclipseLogger - Using 'UTF-8' encoding to copy filtered resources.
2016-05-05 12:35:12,200 [Worker-26] INFO  o.e.m.c.i.embedder.EclipseLogger - skip non existing resourceDirectory /home/galois/Área de Trabalho/Arquitetura_Crua/Molde1_JAVAEE-master/MoldeProjetos6_Encorpado3/src/test/resources
2016-05-05 12:35:14,771 [Worker-30] INFO  o.e.m.c.i.embedder.EclipseLogger - Using 'UTF-8' encoding to copy filtered resources.
2016-05-05 12:35:14,771 [Worker-30] INFO  o.e.m.c.i.embedder.EclipseLogger - Copying 0 resource
2016-05-05 12:35:14,773 [Worker-30] INFO  o.e.m.c.i.embedder.EclipseLogger - Using 'UTF-8' encoding to copy filtered resources.
2016-05-05 12:35:14,773 [Worker-30] INFO  o.e.m.c.i.embedder.EclipseLogger - skip non existing resourceDirectory /home/galois/Área de Trabalho/Arquitetura_Crua/Molde1_JAVAEE-master/MoldeProjetos6_Encorpado3/src/test/resources
2016-05-05 12:35:22,153 [Worker-26] INFO  o.e.m.c.i.embedder.EclipseLogger - Using 'UTF-8' encoding to copy filtered resources.
2016-05-05 12:35:22,153 [Worker-26] INFO  o.e.m.c.i.embedder.EclipseLogger - Copying 0 resource
2016-05-05 12:35:22,155 [Worker-26] INFO  o.e.m.c.i.embedder.EclipseLogger - Using 'UTF-8' encoding to copy filtered resources.
2016-05-05 12:35:22,155 [Worker-26] INFO  o.e.m.c.i.embedder.EclipseLogger - skip non existing resourceDirectory /home/galois/Área de Trabalho/Arquitetura_Crua/Molde1_JAVAEE-master/MoldeProjetos6_Encorpado3/src/test/resources
2016-05-05 12:36:09,814 [Worker-26] INFO  o.e.m.c.i.embedder.EclipseLogger - Using 'UTF-8' encoding to copy filtered resources.
2016-05-05 12:36:09,814 [Worker-26] INFO  o.e.m.c.i.embedder.EclipseLogger - Copying 0 resource
2016-05-05 12:36:09,816 [Worker-26] INFO  o.e.m.c.i.embedder.EclipseLogger - Using 'UTF-8' encoding to copy filtered resources.
2016-05-05 12:36:09,816 [Worker-26] INFO  o.e.m.c.i.embedder.EclipseLogger - skip non existing resourceDirectory /home/galois/Área de Trabalho/Arquitetura_Crua/Molde1_JAVAEE-master/MoldeProjetos6_Encorpado3/src/test/resources
2016-05-05 12:36:24,582 [Worker-30] INFO  o.e.m.c.i.embedder.EclipseLogger - Using 'UTF-8' encoding to copy filtered resources.
2016-05-05 12:36:24,583 [Worker-30] INFO  o.e.m.c.i.embedder.EclipseLogger - Copying 0 resource
2016-05-05 12:36:24,585 [Worker-30] INFO  o.e.m.c.i.embedder.EclipseLogger - Using 'UTF-8' encoding to copy filtered resources.
2016-05-05 12:36:24,585 [Worker-30] INFO  o.e.m.c.i.embedder.EclipseLogger - skip non existing resourceDirectory /home/galois/Área de Trabalho/Arquitetura_Crua/Molde1_JAVAEE-master/MoldeProjetos6_Encorpado3/src/test/resources
2016-05-05 12:36:39,179 [Worker-26] INFO  o.e.m.c.i.embedder.EclipseLogger - Using 'UTF-8' encoding to copy filtered resources.
2016-05-05 12:36:39,180 [Worker-26] INFO  o.e.m.c.i.embedder.EclipseLogger - Copying 0 resource
2016-05-05 12:36:39,181 [Worker-26] INFO  o.e.m.c.i.embedder.EclipseLogger - Using 'UTF-8' encoding to copy filtered resources.
2016-05-05 12:36:39,181 [Worker-26] INFO  o.e.m.c.i.embedder.EclipseLogger - skip non existing resourceDirectory /home/galois/Área de Trabalho/Arquitetura_Crua/Molde1_JAVAEE-master/MoldeProjetos6_Encorpado3/src/test/resources
2016-05-05 12:37:43,130 [Worker-30] INFO  o.e.m.c.i.embedder.EclipseLogger - Using 'UTF-8' encoding to copy filtered resources.
2016-05-05 12:37:43,130 [Worker-30] INFO  o.e.m.c.i.embedder.EclipseLogger - Copying 0 resource
2016-05-05 12:37:43,131 [Worker-30] INFO  o.e.m.c.i.embedder.EclipseLogger - Using 'UTF-8' encoding to copy filtered resources.
2016-05-05 12:37:43,132 [Worker-30] INFO  o.e.m.c.i.embedder.EclipseLogger - skip non existing resourceDirectory /home/galois/Área de Trabalho/Arquitetura_Crua/Molde1_JAVAEE-master/MoldeProjetos6_Encorpado3/src/test/resources
2016-05-05 12:38:02,789 [Worker-32] INFO  o.e.m.c.i.embedder.EclipseLogger - Using 'UTF-8' encoding to copy filtered resources.
2016-05-05 12:38:02,790 [Worker-32] INFO  o.e.m.c.i.embedder.EclipseLogger - Copying 0 resource
2016-05-05 12:38:02,793 [Worker-32] INFO  o.e.m.c.i.embedder.EclipseLogger - Using 'UTF-8' encoding to copy filtered resources.
2016-05-05 12:38:02,793 [Worker-32] INFO  o.e.m.c.i.embedder.EclipseLogger - skip non existing resourceDirectory /home/galois/Área de Trabalho/Arquitetura_Crua/Molde1_JAVAEE-master/MoldeProjetos6_Encorpado3/src/test/resources
2016-05-05 12:38:04,825 [Worker-32] INFO  o.e.m.c.i.embedder.EclipseLogger - Using 'UTF-8' encoding to copy filtered resources.
2016-05-05 12:38:04,825 [Worker-32] INFO  o.e.m.c.i.embedder.EclipseLogger - Copying 0 resource
2016-05-05 12:38:04,827 [Worker-32] INFO  o.e.m.c.i.embedder.EclipseLogger - Using 'UTF-8' encoding to copy filtered resources.
2016-05-05 12:38:04,827 [Worker-32] INFO  o.e.m.c.i.embedder.EclipseLogger - skip non existing resourceDirectory /home/galois/Área de Trabalho/Arquitetura_Crua/Molde1_JAVAEE-master/MoldeProjetos6_Encorpado3/src/test/resources
2016-05-05 12:38:06,849 [Worker-29] INFO  o.e.m.c.i.embedder.EclipseLogger - Using 'UTF-8' encoding to copy filtered resources.
2016-05-05 12:38:06,850 [Worker-29] INFO  o.e.m.c.i.embedder.EclipseLogger - Copying 0 resource
2016-05-05 12:38:06,851 [Worker-29] INFO  o.e.m.c.i.embedder.EclipseLogger - Using 'UTF-8' encoding to copy filtered resources.
2016-05-05 12:38:06,851 [Worker-29] INFO  o.e.m.c.i.embedder.EclipseLogger - skip non existing resourceDirectory /home/galois/Área de Trabalho/Arquitetura_Crua/Molde1_JAVAEE-master/MoldeProjetos6_Encorpado3/src/test/resources
2016-05-05 12:41:47,953 [Worker-4] INFO  o.e.m.c.i.l.LifecycleMappingFactory - Using org.maven.ide.eclipse.wtp.WarLifecycleMapping lifecycle mapping for MavenProject: br.com.alexfd:MoldeProjetos1:0.0.1-SNAPSHOT @ /home/galois/Área de Trabalho/DESENVOLVIMENTO/ArquiteturaCrua_0____________________Bootstrap/Molde1_JAVAEE-master/MoldeProjetos6_Encorpado3/pom.xml.
2016-05-05 12:41:51,879 [Worker-4] INFO  o.e.m.j.i.AbstractJavaProjectConfigurator - Adding source folder /MoldeProjetos1/src/main/java
2016-05-05 12:41:51,880 [Worker-4] INFO  o.e.m.j.i.AbstractJavaProjectConfigurator - Adding resource folder /MoldeProjetos1/src/main/resources
2016-05-05 12:41:51,880 [Worker-4] INFO  o.e.m.j.i.AbstractJavaProjectConfigurator - Adding source folder /MoldeProjetos1/src/test/java
2016-05-05 12:41:52,315 [Worker-4] INFO  o.e.m.c.i.p.ProjectConfigurationManager - Imported and configured 1 project(s) in 5 sec
2016-05-05 12:41:53,144 [Worker-2] INFO  o.e.m.c.i.l.LifecycleMappingFactory - Using org.maven.ide.eclipse.wtp.WarLifecycleMapping lifecycle mapping for MavenProject: br.com.alexfd:MoldeProjetos1:0.0.1-SNAPSHOT @ /home/galois/Área de Trabalho/DESENVOLVIMENTO/ArquiteturaCrua_0____________________Bootstrap/Molde1_JAVAEE-master/MoldeProjetos6_Encorpado3/pom.xml.
2016-05-05 12:41:57,669 [Worker-5] INFO  o.e.m.c.i.l.LifecycleMappingFactory - Using org.maven.ide.eclipse.wtp.WarLifecycleMapping lifecycle mapping for MavenProject: br.com.alexfd:MoldeProjetos1:0.0.1-SNAPSHOT @ /home/galois/Área de Trabalho/DESENVOLVIMENTO/ArquiteturaCrua_0____________________Bootstrap/Molde1_JAVAEE-master/MoldeProjetos6_Encorpado3/pom.xml.
2016-05-05 12:41:58,482 [Worker-5] INFO  o.e.m.c.i.embedder.EclipseLogger - Using 'UTF-8' encoding to copy filtered resources.
2016-05-05 12:41:58,488 [Worker-5] INFO  o.e.m.c.i.embedder.EclipseLogger - Copying 3 resources
2016-05-05 12:41:58,497 [Worker-5] INFO  o.e.m.c.i.embedder.EclipseLogger - Using 'UTF-8' encoding to copy filtered resources.
2016-05-05 12:41:58,498 [Worker-5] INFO  o.e.m.c.i.embedder.EclipseLogger - skip non existing resourceDirectory /home/galois/Área de Trabalho/DESENVOLVIMENTO/ArquiteturaCrua_0____________________Bootstrap/Molde1_JAVAEE-master/MoldeProjetos6_Encorpado3/src/test/resources
2016-05-05 12:41:59,221 [Worker-2] INFO  o.e.m.c.i.l.LifecycleMappingFactory - Using org.maven.ide.eclipse.wtp.WarLifecycleMapping lifecycle mapping for MavenProject: br.com.alexfd:MoldeProjetos1:0.0.1-SNAPSHOT @ /home/galois/Área de Trabalho/DESENVOLVIMENTO/ArquiteturaCrua_0____________________Bootstrap/Molde1_JAVAEE-master/MoldeProjetos6_Encorpado3/pom.xml.
2016-05-05 12:42:08,528 [Worker-6] INFO  o.e.m.c.i.embedder.EclipseLogger - Using 'UTF-8' encoding to copy filtered resources.
2016-05-05 12:42:08,532 [Worker-6] INFO  o.e.m.c.i.embedder.EclipseLogger - Copying 0 resource
2016-05-05 12:42:08,534 [Worker-6] INFO  o.e.m.c.i.embedder.EclipseLogger - Using 'UTF-8' encoding to copy filtered resources.
2016-05-05 12:42:08,534 [Worker-6] INFO  o.e.m.c.i.embedder.EclipseLogger - skip non existing resourceDirectory /home/galois/Área de Trabalho/DESENVOLVIMENTO/ArquiteturaCrua_0____________________Bootstrap/Molde1_JAVAEE-master/MoldeProjetos6_Encorpado3/src/test/resources
